#
# There is insufficient memory for the Java Runtime Environment to continue.
# Native memory allocation (mmap) failed to map 67108864 bytes for G1 virtual space
# Possible reasons:
#   The system is out of physical RAM or swap space
#   The process is running with CompressedOops enabled, and the Java Heap may be blocking the growth of the native heap
# Possible solutions:
#   Reduce memory load on the system
#   Increase physical memory or swap space
#   Check if swap backing store is full
#   Decrease Java heap size (-Xmx/-Xms)
#   Decrease number of Java threads
#   Decrease Java thread stack sizes (-Xss)
#   Set larger code cache with -XX:ReservedCodeCacheSize=
#   JVM is running with Unscaled Compressed Oops mode in which the Java heap is
#     placed in the first 4GB address space. The Java Heap base address is the
#     maximum limit for the native heap growth. Please use -XX:HeapBaseMinAddress
#     to set the Java Heap base and to place the Java Heap above 4GB virtual address.
# This output file may be truncated or incomplete.
#
#  Out of Memory Error (os_windows.cpp:3548), pid=47908, tid=46128
#
# JRE version:  (17.0.10+11) (build )
# Java VM: Java HotSpot(TM) 64-Bit Server VM (17.0.10+11-LTS-240, mixed mode, sharing, tiered, compressed oops, compressed class ptrs, g1 gc, windows-amd64)
# No core dump will be written. Minidumps are not enabled by default on client versions of Windows
#

---------------  S U M M A R Y ------------

Command Line: -Xmx64m -Xms64m -Dorg.gradle.appname=gradlew org.gradle.wrapper.GradleWrapperMain app:installDebug -PreactNativeDevServerPort=8081

Host: Intel(R) Core(TM) i5-1035G1 CPU @ 1.00GHz, 8 cores, 7G,  Windows 10 , 64 bit Build 19041 (10.0.19041.2364)
Time: Mon Jul 22 22:52:42 2024 Hora est. Pacífico, Sudamérica elapsed time: 0.020439 seconds (0d 0h 0m 0s)

---------------  T H R E A D  ---------------

Current thread (0x0000025b79e76080):  JavaThread "Unknown thread" [_thread_in_vm, id=46128, stack(0x000000c8c5800000,0x000000c8c5900000)]

Stack: [0x000000c8c5800000,0x000000c8c5900000]
Native frames: (J=compiled Java code, j=interpreted, Vv=VM code, C=native code)
V  [jvm.dll+0x677a5a]
V  [jvm.dll+0x7d8b2d]
V  [jvm.dll+0x7da48e]
V  [jvm.dll+0x7daaf3]
V  [jvm.dll+0x2455ff]
V  [jvm.dll+0x6749b9]
V  [jvm.dll+0x669382]
V  [jvm.dll+0x302e96]
V  [jvm.dll+0x30a416]
V  [jvm.dll+0x359cbe]
V  [jvm.dll+0x359eef]
V  [jvm.dll+0x2d9e88]
V  [jvm.dll+0x2dadf4]
V  [jvm.dll+0x7aa551]
V  [jvm.dll+0x367911]
V  [jvm.dll+0x789639]
V  [jvm.dll+0x3eb30f]
V  [jvm.dll+0x3ecd91]
C  [jli.dll+0x5297]
C  [ucrtbase.dll+0x21bb2]
C  [KERNEL32.DLL+0x17614]
C  [ntdll.dll+0x526a1]


---------------  P R O C E S S  ---------------

Threads class SMR info:
_java_thread_list=0x00007ffdb42e6a18, length=0, elements={
}

Java Threads: ( => current thread )

Other Threads:
  0x0000025b79e97240 GCTaskThread "GC Thread#0" [stack: 0x000000c8c5900000,0x000000c8c5a00000] [id=46480]
  0x0000025b79e99840 ConcurrentGCThread "G1 Main Marker" [stack: 0x000000c8c5a00000,0x000000c8c5b00000] [id=44288]
  0x0000025b79e9a0f0 ConcurrentGCThread "G1 Conc#0" [stack: 0x000000c8c5b00000,0x000000c8c5c00000] [id=50180]

[error occurred during error reporting (printing all threads), id 0xc0000005, EXCEPTION_ACCESS_VIOLATION (0xc0000005) at pc=0x00007ffdb3b1aae7]

VM state: not at safepoint (not fully initialized)

VM Mutex/Monitor currently owned by a thread:  ([mutex/lock_event])
[0x0000025b79e735f0] Heap_lock - owner thread: 0x0000025b79e76080

Heap address: 0x00000000fc000000, size: 64 MB, Compressed Oops mode: 32-bit

CDS archive(s) mapped at: [0x0000000000000000-0x0000000000000000-0x0000000000000000), size 0, SharedBaseAddress: 0x0000000800000000, ArchiveRelocationMode: 1.
Narrow klass base: 0x0000000000000000, Narrow klass shift: 0, Narrow klass range: 0x0

GC Precious Log:
<Empty>

Heap:
 garbage-first heap   total 0K, used 0K [0x00000000fc000000, 0x0000000100000000)
  region size 1024K, 0 young (0K), 0 survivors (0K)

[error occurred during error reporting (printing heap information), id 0xc0000005, EXCEPTION_ACCESS_VIOLATION (0xc0000005) at pc=0x00007ffdb3f01249]

GC Heap History (0 events):
No events

Deoptimization events (0 events):
No events

Classes unloaded (0 events):
No events

Classes redefined (0 events):
No events

Internal exceptions (0 events):
No events

VM Operations (0 events):
No events

Events (1 events):
Event: 0.013 Loaded shared library C:\Program Files\Java\jdk-17\bin\java.dll


Dynamic libraries:
0x00007ff612250000 - 0x00007ff612260000 	C:\Program Files\Java\jdk-17\bin\java.exe
0x00007ffe36e50000 - 0x00007ffe37048000 	C:\Windows\SYSTEM32\ntdll.dll
0x00007ffe35e50000 - 0x00007ffe35f0f000 	C:\Windows\System32\KERNEL32.DLL
0x00007ffe34740000 - 0x00007ffe34a12000 	C:\Windows\System32\KERNELBASE.dll
0x00007ffe34ab0000 - 0x00007ffe34bb0000 	C:\Windows\System32\ucrtbase.dll
0x00007ffe24cf0000 - 0x00007ffe24d0b000 	C:\Program Files\Java\jdk-17\bin\VCRUNTIME140.dll
0x00007ffe23de0000 - 0x00007ffe23df9000 	C:\Program Files\Java\jdk-17\bin\jli.dll
0x00007ffe356b0000 - 0x00007ffe3575e000 	C:\Windows\System32\ADVAPI32.dll
0x00007ffe35450000 - 0x00007ffe354ee000 	C:\Windows\System32\msvcrt.dll
0x00007ffe34ef0000 - 0x00007ffe34f8c000 	C:\Windows\System32\sechost.dll
0x00007ffe35320000 - 0x00007ffe35445000 	C:\Windows\System32\RPCRT4.dll
0x00007ffe36c00000 - 0x00007ffe36da1000 	C:\Windows\System32\USER32.dll
0x00007ffe34bb0000 - 0x00007ffe34bd2000 	C:\Windows\System32\win32u.dll
0x00007ffe36010000 - 0x00007ffe3603b000 	C:\Windows\System32\GDI32.dll
0x00007ffe34630000 - 0x00007ffe3473f000 	C:\Windows\System32\gdi32full.dll
0x00007ffe20ba0000 - 0x00007ffe20e3a000 	C:\Windows\WinSxS\amd64_microsoft.windows.common-controls_6595b64144ccf1df_6.0.19041.1110_none_60b5254171f9507e\COMCTL32.dll
0x00007ffe34be0000 - 0x00007ffe34c7d000 	C:\Windows\System32\msvcp_win.dll
0x00007ffe34080000 - 0x00007ffe3408a000 	C:\Windows\SYSTEM32\VERSION.dll
0x00007ffe36040000 - 0x00007ffe36072000 	C:\Windows\System32\IMM32.DLL
0x00000000504b0000 - 0x00000000504bc000 	C:\Program Files (x86)\360\Total Security\safemon\SafeWrapper.dll
0x00007ffe01dc0000 - 0x00007ffe01e52000 	C:\Program Files (x86)\360\Total Security\safemon\libzdtp64.dll
0x00007ffe364b0000 - 0x00007ffe36bf4000 	C:\Windows\System32\SHELL32.dll
0x00007ffe36db0000 - 0x00007ffe36e05000 	C:\Windows\System32\SHLWAPI.dll
0x00007ffe314c0000 - 0x00007ffe314cc000 	C:\Program Files\Java\jdk-17\bin\vcruntime140_1.dll
0x00007ffdfdaf0000 - 0x00007ffdfdb7e000 	C:\Program Files\Java\jdk-17\bin\msvcp140.dll
0x00007ffdb3830000 - 0x00007ffdb440f000 	C:\Program Files\Java\jdk-17\bin\server\jvm.dll
0x00007ffe356a0000 - 0x00007ffe356a8000 	C:\Windows\System32\PSAPI.DLL
0x00007ffe0af80000 - 0x00007ffe0af89000 	C:\Windows\SYSTEM32\WSOCK32.dll
0x00007ffe1bf60000 - 0x00007ffe1bf87000 	C:\Windows\SYSTEM32\WINMM.dll
0x00007ffe35c40000 - 0x00007ffe35cab000 	C:\Windows\System32\WS2_32.dll
0x00007ffe32ce0000 - 0x00007ffe32cf2000 	C:\Windows\SYSTEM32\kernel.appcore.dll
0x00007ffe314a0000 - 0x00007ffe314aa000 	C:\Program Files\Java\jdk-17\bin\jimage.dll
0x00007ffe329f0000 - 0x00007ffe32bd4000 	C:\Windows\SYSTEM32\DBGHELP.DLL
0x00007ffe1be40000 - 0x00007ffe1be75000 	C:\Windows\SYSTEM32\dbgcore.DLL
0x00007ffe34a20000 - 0x00007ffe34aa2000 	C:\Windows\System32\bcryptPrimitives.dll
0x00007ffe0de20000 - 0x00007ffe0de45000 	C:\Program Files\Java\jdk-17\bin\java.dll

dbghelp: loaded successfully - version: 4.0.5 - missing functions: none
symbol engine: initialized successfully - sym options: 0x614 - pdb path: .;C:\Program Files\Java\jdk-17\bin;C:\Windows\SYSTEM32;C:\Windows\WinSxS\amd64_microsoft.windows.common-controls_6595b64144ccf1df_6.0.19041.1110_none_60b5254171f9507e;C:\Program Files (x86)\360\Total Security\safemon;C:\Program Files\Java\jdk-17\bin\server

VM Arguments:
jvm_args: -Xmx64m -Xms64m -Dorg.gradle.appname=gradlew 
java_command: org.gradle.wrapper.GradleWrapperMain app:installDebug -PreactNativeDevServerPort=8081
java_class_path (initial): C:\Users\Jorge Alberto Ubaque\OneDrive\Desktop\App-mascotas\Luis\android\\gradle\wrapper\gradle-wrapper.jar
Launcher Type: SUN_STANDARD

[Global flags]
     intx CICompilerCount                          = 4                                         {product} {ergonomic}
     uint ConcGCThreads                            = 2                                         {product} {ergonomic}
     uint G1ConcRefinementThreads                  = 8                                         {product} {ergonomic}
   size_t G1HeapRegionSize                         = 1048576                                   {product} {ergonomic}
    uintx GCDrainStackTargetSize                   = 64                                        {product} {ergonomic}
   size_t InitialHeapSize                          = 67108864                                  {product} {command line}
   size_t MarkStackSize                            = 4194304                                   {product} {ergonomic}
   size_t MaxHeapSize                              = 67108864                                  {product} {command line}
   size_t MinHeapDeltaBytes                        = 1048576                                   {product} {ergonomic}
   size_t MinHeapSize                              = 67108864                                  {product} {command line}
    uintx NonNMethodCodeHeapSize                   = 5839372                                {pd product} {ergonomic}
    uintx NonProfiledCodeHeapSize                  = 122909434                              {pd product} {ergonomic}
    uintx ProfiledCodeHeapSize                     = 122909434                              {pd product} {ergonomic}
    uintx ReservedCodeCacheSize                    = 251658240                              {pd product} {ergonomic}
     bool SegmentedCodeCache                       = true                                      {product} {ergonomic}
   size_t SoftMaxHeapSize                          = 67108864                               {manageable} {ergonomic}
     bool UseCompressedClassPointers               = true                           {product lp64_product} {ergonomic}
     bool UseCompressedOops                        = true                           {product lp64_product} {ergonomic}
     bool UseG1GC                                  = true                                      {product} {ergonomic}
     bool UseLargePagesIndividualAllocation        = false                                  {pd product} {ergonomic}

Logging:
Log output configuration:
 #0: stdout all=warning uptime,level,tags
 #1: stderr all=off uptime,level,tags

Environment Variables:
JAVA_HOME=C:\Program Files\Java\jdk-17
CLASSPATH=C:\Users\Jorge Alberto Ubaque\OneDrive\Desktop\App-mascotas\Luis\android\\gradle\wrapper\gradle-wrapper.jar
PATH=C:\Users\Jorge Alberto Ubaque\OneDrive\Desktop\App-mascotas\Luis\node_modules\.bin;C:\Users\Jorge Alberto Ubaque\OneDrive\Desktop\App-mascotas\Luis\node_modules\.bin;C:\Users\Jorge Alberto Ubaque\OneDrive\Desktop\App-mascotas\node_modules\.bin;C:\Users\Jorge Alberto Ubaque\OneDrive\Desktop\node_modules\.bin;C:\Users\Jorge Alberto Ubaque\OneDrive\node_modules\.bin;C:\Users\Jorge Alberto Ubaque\node_modules\.bin;C:\Users\node_modules\.bin;C:\node_modules\.bin;C:\Program Files\nodejs\node_modules\npm\node_modules\@npmcli\run-script\lib\node-gyp-bin;C:\Users\Jorge Alberto Ubaque\OneDrive\Desktop\App-mascotas\Luis\node_modules\.bin;C:\Users\Jorge Alberto Ubaque\OneDrive\Desktop\App-mascotas\node_modules\.bin;C:\Users\Jorge Alberto Ubaque\OneDrive\Desktop\node_modules\.bin;C:\Users\Jorge Alberto Ubaque\OneDrive\node_modules\.bin;C:\Users\Jorge Alberto Ubaque\node_modules\.bin;C:\Users\node_modules\.bin;C:\node_modules\.bin;C:\Program Files\nodejs\node_modules\npm\node_modules\@npmcli\run-script\lib\node-gyp-bin;C:\Program Files\Common Files\Oracle\Java\javapath;C:\Windows\system32;C:\Windows;C:\Windows\System32\Wbem;C:\Windows\System32\WindowsPowerShell\v1.0\;C:\Windows\System32\OpenSSH\;C:\Program Files\Git\cmd;C:\xampp\php;C:\ProgramData\ComposerSetup\bin;;C:\Program Files\Docker\Docker\resources\bin;C:\Program Files\nodejs\;C:\Sdk;C:\Sdk\Sdk\Sdk\tools;C:\Users\Jorge Alberto Ubaque\AppData\Local\Programs\Microsoft VS Code\bin;C:\Users\Jorge Alberto Ubaque\AppData\Roaming\Composer\vendor\bin;C:\Program Files\MongoDB\Server\7.0\bin;C:\Users\Jorge Alberto Ubaque\AppData\Roaming\npm
USERNAME=Jorge Alberto Ubaque
LANG=en_US.UTF-8
OS=Windows_NT
PROCESSOR_IDENTIFIER=Intel64 Family 6 Model 126 Stepping 5, GenuineIntel



---------------  S Y S T E M  ---------------

OS:
 Windows 10 , 64 bit Build 19041 (10.0.19041.2364)
OS uptime: 12 days 15:35 hours
Hyper-V role detected

CPU: total 8 (initial active 8) (4 cores per cpu, 2 threads per core) family 6 model 126 stepping 5 microcode 0xa0, cx8, cmov, fxsr, ht, mmx, 3dnowpref, sse, sse2, sse3, ssse3, sse4.1, sse4.2, popcnt, lzcnt, tsc, tscinvbit, avx, avx2, aes, erms, clmul, bmi1, bmi2, adx, avx512f, avx512dq, avx512cd, avx512bw, avx512vl, sha, fma, vzeroupper, avx512_vpopcntdq, avx512_vpclmulqdq, avx512_vaes, avx512_vnni, clflush, clflushopt, avx512_vbmi2, avx512_vbmi, hv

Memory: 4k page, system-wide physical 7932M (283M free)
TotalPageFile size 19932M (AvailPageFile size 12M)
current process WorkingSet (physical memory assigned to process): 11M, peak: 11M
current process commit charge ("private bytes"): 59M, peak: 123M

vm_info: Java HotSpot(TM) 64-Bit Server VM (17.0.10+11-LTS-240) for windows-amd64 JRE (17.0.10+11-LTS-240), built on Dec 19 2023 21:47:25 by "mach5one" with MS VC++ 17.1 (VS2022)

END.
