#
# There is insufficient memory for the Java Runtime Environment to continue.
# Native memory allocation (malloc) failed to allocate 1237936 bytes for Chunk::new
# Possible reasons:
#   The system is out of physical RAM or swap space
#   The process is running with CompressedOops enabled, and the Java Heap may be blocking the growth of the native heap
# Possible solutions:
#   Reduce memory load on the system
#   Increase physical memory or swap space
#   Check if swap backing store is full
#   Decrease Java heap size (-Xmx/-Xms)
#   Decrease number of Java threads
#   Decrease Java thread stack sizes (-Xss)
#   Set larger code cache with -XX:ReservedCodeCacheSize=
#   JVM is running with Unscaled Compressed Oops mode in which the Java heap is
#     placed in the first 4GB address space. The Java Heap base address is the
#     maximum limit for the native heap growth. Please use -XX:HeapBaseMinAddress
#     to set the Java Heap base and to place the Java Heap above 4GB virtual address.
# This output file may be truncated or incomplete.
#
#  Out of Memory Error (arena.cpp:189), pid=34232, tid=39524
#
# JRE version: Java(TM) SE Runtime Environment (17.0.10+11) (build 17.0.10+11-LTS-240)
# Java VM: Java HotSpot(TM) 64-Bit Server VM (17.0.10+11-LTS-240, mixed mode, sharing, tiered, compressed oops, compressed class ptrs, g1 gc, windows-amd64)
# No core dump will be written. Minidumps are not enabled by default on client versions of Windows
#

---------------  S U M M A R Y ------------

Command Line: -XX:MaxMetaspaceSize=512m --add-opens=java.base/java.util=ALL-UNNAMED --add-opens=java.base/java.lang=ALL-UNNAMED --add-opens=java.base/java.lang.invoke=ALL-UNNAMED --add-opens=java.prefs/java.util.prefs=ALL-UNNAMED --add-opens=java.base/java.nio.charset=ALL-UNNAMED --add-opens=java.base/java.net=ALL-UNNAMED --add-opens=java.base/java.util.concurrent.atomic=ALL-UNNAMED -Xmx2048m -Dfile.encoding=windows-1252 -Duser.country=CO -Duser.language=es -Duser.variant -javaagent:C:\Users\Jorge Alberto Ubaque\.gradle\wrapper\dists\gradle-8.6-all\3mbtmo166bl6vumsh5k2lkq5h\gradle-8.6\lib\agents\gradle-instrumentation-agent-8.6.jar org.gradle.launcher.daemon.bootstrap.GradleDaemon 8.6

Host: Intel(R) Core(TM) i5-1035G1 CPU @ 1.00GHz, 8 cores, 7G,  Windows 10 , 64 bit Build 19041 (10.0.19041.2364)
Time: Mon Jul 22 22:42:42 2024 Hora est. Pacífico, Sudamérica elapsed time: 60.436741 seconds (0d 0h 1m 0s)

---------------  T H R E A D  ---------------

Current thread (0x0000021cc0d46b50):  JavaThread "C2 CompilerThread0" daemon [_thread_in_native, id=39524, stack(0x0000009735f00000,0x0000009736000000)]


Current CompileTask:
C2:  60437 12875 %     4       org.gradle.internal.instantiation.generator.AbstractClassGenerator::inspectType @ 77 (560 bytes)

Stack: [0x0000009735f00000,0x0000009736000000]
Native frames: (J=compiled Java code, j=interpreted, Vv=VM code, C=native code)
V  [jvm.dll+0x677a5a]
V  [jvm.dll+0x7d8b2d]
V  [jvm.dll+0x7da48e]
V  [jvm.dll+0x7daaf3]
V  [jvm.dll+0x2455ff]
V  [jvm.dll+0xaaafb]
V  [jvm.dll+0xab09c]
V  [jvm.dll+0x361b5f]
V  [jvm.dll+0x1bb1da]
V  [jvm.dll+0x217aa7]
V  [jvm.dll+0x216d81]
V  [jvm.dll+0x1a3410]
V  [jvm.dll+0x226aeb]
V  [jvm.dll+0x224cab]
V  [jvm.dll+0x78e45c]
V  [jvm.dll+0x78888a]
V  [jvm.dll+0x676935]
C  [ucrtbase.dll+0x21bb2]
C  [KERNEL32.DLL+0x17614]
C  [ntdll.dll+0x526a1]


---------------  P R O C E S S  ---------------

Threads class SMR info:
_java_thread_list=0x0000021ce3fb9490, length=115, elements={
0x0000021ca2335f30, 0x0000021cc0d29f90, 0x0000021cc0d2ab50, 0x0000021cc0d3c500,
0x0000021cc0d3cec0, 0x0000021cc0d40400, 0x0000021cc0d41560, 0x0000021cc0d46b50,
0x0000021cc0d54300, 0x0000021cc0d739c0, 0x0000021cc0d73ed0, 0x0000021cc0d71650,
0x0000021cc0d71b60, 0x0000021cc0d743e0, 0x0000021cc0d72fa0, 0x0000021cc0d70c30,
0x0000021cc0d72a90, 0x0000021cc0d734b0, 0x0000021cc0d71140, 0x0000021cc0d72070,
0x0000021cc0d72580, 0x0000021ce0c82e10, 0x0000021ce0c89d70, 0x0000021ce0c86fe0,
0x0000021ce0c83d40, 0x0000021ce0c89860, 0x0000021ce0c84760, 0x0000021ce0c84c70,
0x0000021ce0c865c0, 0x0000021ce0c88e40, 0x0000021ce0c85690, 0x0000021ce0c8a280,
0x0000021ce0c88420, 0x0000021ce0c87f10, 0x0000021ce0c86ad0, 0x0000021ce0c88930,
0x0000021ce0c84250, 0x0000021ce0d66820, 0x0000021ce0d695b0, 0x0000021ce0d690a0,
0x0000021ce0d66d30, 0x0000021ce0d6be30, 0x0000021ce0d67750, 0x0000021ce0d6b410,
0x0000021ce0d6a9f0, 0x0000021ce0d68b90, 0x0000021ce0d6c850, 0x0000021ce0d6d270,
0x0000021ce0d67240, 0x0000021ce0d6b920, 0x0000021ce0d6cd60, 0x0000021ce0d6af00,
0x0000021ce0d67c60, 0x0000021ce0d65e00, 0x0000021ce0d6a4e0, 0x0000021ce0d68170,
0x0000021ce0d68680, 0x0000021ce0d69ac0, 0x0000021ce0d69fd0, 0x0000021ce5277aa0,
0x0000021ce527f420, 0x0000021ce527dad0, 0x0000021ce527cba0, 0x0000021ce52793f0,
0x0000021ce527a320, 0x0000021ce527d0b0, 0x0000021ce527bc70, 0x0000021ce527a830,
0x0000021ce527b760, 0x0000021ce527e4f0, 0x0000021ce527ef10, 0x0000021ce527ea00,
0x0000021ce527ad40, 0x0000021ce52784c0, 0x0000021ce5278ee0, 0x0000021ce527c180,
0x0000021ce5279e10, 0x0000021ce527b250, 0x0000021ce5277fb0, 0x0000021ce52789d0,
0x0000021ce527c690, 0x0000021ce527d5c0, 0x0000021ce5279900, 0x0000021ce527dfe0,
0x0000021ce25048e0, 0x0000021ce2508ab0, 0x0000021ce2502060, 0x0000021ce2507b80,
0x0000021ce25034a0, 0x0000021ce2503ec0, 0x0000021ce2505810, 0x0000021ce2506c50,
0x0000021ce25085a0, 0x0000021ce2507160, 0x0000021ce2504df0, 0x0000021ce2506740,
0x0000021ce25094d0, 0x0000021ce25099e0, 0x0000021ce25039b0, 0x0000021ce2502570,
0x0000021ce2502a80, 0x0000021ce0c83830, 0x0000021ce5f714a0, 0x0000021ce5f76090,
0x0000021ce5f71ec0, 0x0000021ce5f73d20, 0x0000021ce5f73810, 0x0000021ce5f75160,
0x0000021ce5f72df0, 0x0000021ce5f76ab0, 0x0000021ce5f70570, 0x0000021ce5f76fc0,
0x0000021ce5f765a0, 0x0000021ce5f774d0, 0x0000021ce5f74740
}

Java Threads: ( => current thread )
  0x0000021ca2335f30 JavaThread "main" [_thread_blocked, id=49716, stack(0x0000009735200000,0x0000009735300000)]
  0x0000021cc0d29f90 JavaThread "Reference Handler" daemon [_thread_blocked, id=38852, stack(0x0000009735900000,0x0000009735a00000)]
  0x0000021cc0d2ab50 JavaThread "Finalizer" daemon [_thread_blocked, id=47544, stack(0x0000009735a00000,0x0000009735b00000)]
  0x0000021cc0d3c500 JavaThread "Signal Dispatcher" daemon [_thread_blocked, id=47164, stack(0x0000009735b00000,0x0000009735c00000)]
  0x0000021cc0d3cec0 JavaThread "Attach Listener" daemon [_thread_blocked, id=13904, stack(0x0000009735c00000,0x0000009735d00000)]
  0x0000021cc0d40400 JavaThread "Service Thread" daemon [_thread_blocked, id=46728, stack(0x0000009735d00000,0x0000009735e00000)]
  0x0000021cc0d41560 JavaThread "Monitor Deflation Thread" daemon [_thread_blocked, id=49908, stack(0x0000009735e00000,0x0000009735f00000)]
=>0x0000021cc0d46b50 JavaThread "C2 CompilerThread0" daemon [_thread_in_native, id=39524, stack(0x0000009735f00000,0x0000009736000000)]
  0x0000021cc0d54300 JavaThread "C1 CompilerThread0" daemon [_thread_blocked, id=36604, stack(0x0000009736000000,0x0000009736100000)]
  0x0000021cc0d739c0 JavaThread "Sweeper thread" daemon [_thread_blocked, id=50144, stack(0x0000009736100000,0x0000009736200000)]
  0x0000021cc0d73ed0 JavaThread "Common-Cleaner" daemon [_thread_blocked, id=36672, stack(0x0000009736200000,0x0000009736300000)]
  0x0000021cc0d71650 JavaThread "Notification Thread" daemon [_thread_blocked, id=45460, stack(0x0000009736300000,0x0000009736400000)]
  0x0000021cc0d71b60 JavaThread "Daemon health stats" [_thread_blocked, id=47560, stack(0x0000009736900000,0x0000009736a00000)]
  0x0000021cc0d743e0 JavaThread "Incoming local TCP Connector on port 61779" [_thread_in_native, id=45804, stack(0x0000009736a00000,0x0000009736b00000)]
  0x0000021cc0d72fa0 JavaThread "Daemon periodic checks" [_thread_blocked, id=49952, stack(0x0000009736b00000,0x0000009736c00000)]
  0x0000021cc0d70c30 JavaThread "Daemon" [_thread_blocked, id=42276, stack(0x0000009736c00000,0x0000009736d00000)]
  0x0000021cc0d72a90 JavaThread "Handler for socket connection from /127.0.0.1:61779 to /127.0.0.1:61780" [_thread_in_native, id=34860, stack(0x0000009736d00000,0x0000009736e00000)]
  0x0000021cc0d734b0 JavaThread "Cancel handler" [_thread_blocked, id=30152, stack(0x0000009736e00000,0x0000009736f00000)]
  0x0000021cc0d71140 JavaThread "Daemon worker" [_thread_in_native_trans, id=45576, stack(0x0000009736f00000,0x0000009737000000)]
  0x0000021cc0d72070 JavaThread "Asynchronous log dispatcher for DefaultDaemonConnection: socket connection from /127.0.0.1:61779 to /127.0.0.1:61780" [_thread_blocked, id=48580, stack(0x0000009737000000,0x0000009737100000)]
  0x0000021cc0d72580 JavaThread "Stdin handler" [_thread_blocked, id=19652, stack(0x0000009737100000,0x0000009737200000)]
  0x0000021ce0c82e10 JavaThread "Daemon client event forwarder" [_thread_blocked, id=2308, stack(0x0000009737200000,0x0000009737300000)]
  0x0000021ce0c89d70 JavaThread "Cache worker for journal cache (C:\Users\Jorge Alberto Ubaque\.gradle\caches\journal-1)" [_thread_blocked, id=38240, stack(0x0000009737600000,0x0000009737700000)]
  0x0000021ce0c86fe0 JavaThread "File lock request listener" [_thread_in_native, id=43992, stack(0x0000009737700000,0x0000009737800000)]
  0x0000021ce0c83d40 JavaThread "Cache worker for file hash cache (C:\Users\Jorge Alberto Ubaque\.gradle\caches\8.6\fileHashes)" [_thread_blocked, id=47844, stack(0x0000009737800000,0x0000009737900000)]
  0x0000021ce0c89860 JavaThread "File watcher server" daemon [_thread_in_native, id=44112, stack(0x0000009737900000,0x0000009737a00000)]
  0x0000021ce0c84760 JavaThread "File watcher consumer" daemon [_thread_blocked, id=49680, stack(0x0000009737a00000,0x0000009737b00000)]
  0x0000021ce0c84c70 JavaThread "Cache worker for checksums cache (C:\Users\Jorge Alberto Ubaque\OneDrive\Desktop\App-mascotas\Luis\android\.gradle\8.6\checksums)" [_thread_blocked, id=37912, stack(0x0000009737c00000,0x0000009737d00000)]
  0x0000021ce0c865c0 JavaThread "Cache worker for file hash cache (C:\Users\Jorge Alberto Ubaque\OneDrive\Desktop\App-mascotas\Luis\android\.gradle\8.6\fileHashes)" [_thread_blocked, id=46836, stack(0x0000009737d00000,0x0000009737e00000)]
  0x0000021ce0c88e40 JavaThread "Cache worker for cache directory md-supplier (C:\Users\Jorge Alberto Ubaque\.gradle\caches\8.6\md-supplier)" [_thread_blocked, id=21848, stack(0x0000009737e00000,0x0000009737f00000)]
  0x0000021ce0c85690 JavaThread "Cache worker for cache directory md-rule (C:\Users\Jorge Alberto Ubaque\.gradle\caches\8.6\md-rule)" [_thread_blocked, id=43916, stack(0x0000009737f00000,0x0000009738000000)]
  0x0000021ce0c8a280 JavaThread "Cache worker for file content cache (C:\Users\Jorge Alberto Ubaque\.gradle\caches\8.6\fileContent)" [_thread_blocked, id=47168, stack(0x0000009738000000,0x0000009738100000)]
  0x0000021ce0c88420 JavaThread "jar transforms" [_thread_blocked, id=20912, stack(0x0000009738200000,0x0000009738300000)]
  0x0000021ce0c87f10 JavaThread "jar transforms Thread 2" [_thread_blocked, id=20776, stack(0x0000009738300000,0x0000009738400000)]
  0x0000021ce0c86ad0 JavaThread "jar transforms Thread 3" [_thread_blocked, id=16952, stack(0x0000009738100000,0x0000009738200000)]
  0x0000021ce0c88930 JavaThread "jar transforms Thread 4" [_thread_blocked, id=32096, stack(0x0000009738400000,0x0000009738500000)]
  0x0000021ce0c84250 JavaThread "Exec process" [_thread_blocked, id=48748, stack(0x0000009738500000,0x0000009738600000)]
  0x0000021ce0d66820 JavaThread "Exec process Thread 2" [_thread_blocked, id=15200, stack(0x0000009738600000,0x0000009738700000)]
  0x0000021ce0d695b0 JavaThread "Exec process Thread 3" [_thread_blocked, id=24340, stack(0x0000009738700000,0x0000009738800000)]
  0x0000021ce0d690a0 JavaThread "jar transforms Thread 5" [_thread_blocked, id=49020, stack(0x0000009738900000,0x0000009738a00000)]
  0x0000021ce0d66d30 JavaThread "jar transforms Thread 6" [_thread_blocked, id=44068, stack(0x0000009738a00000,0x0000009738b00000)]
  0x0000021ce0d6be30 JavaThread "Unconstrained build operations" [_thread_blocked, id=33684, stack(0x0000009738b00000,0x0000009738c00000)]
  0x0000021ce0d67750 JavaThread "Unconstrained build operations Thread 2" [_thread_blocked, id=43044, stack(0x0000009738c00000,0x0000009738d00000)]
  0x0000021ce0d6b410 JavaThread "jar transforms Thread 7" [_thread_blocked, id=46400, stack(0x0000009738d00000,0x0000009738e00000)]
  0x0000021ce0d6a9f0 JavaThread "jar transforms Thread 8" [_thread_blocked, id=47264, stack(0x0000009738e00000,0x0000009738f00000)]
  0x0000021ce0d68b90 JavaThread "Cache worker for Build Output Cleanup Cache (C:\Users\Jorge Alberto Ubaque\OneDrive\Desktop\App-mascotas\Luis\node_modules\@react-native\gradle-plugin\.gradle\buildOutputCleanup)" [_thread_blocked, id=49964, stack(0x0000009738f00000,0x0000009739000000)]
  0x0000021ce0d6c850 JavaThread "Unconstrained build operations Thread 3" [_thread_blocked, id=48452, stack(0x0000009739000000,0x0000009739100000)]
  0x0000021ce0d6d270 JavaThread "Unconstrained build operations Thread 4" [_thread_blocked, id=48824, stack(0x0000009739100000,0x0000009739200000)]
  0x0000021ce0d67240 JavaThread "Unconstrained build operations Thread 5" [_thread_blocked, id=34160, stack(0x0000009739200000,0x0000009739300000)]
  0x0000021ce0d6b920 JavaThread "Unconstrained build operations Thread 6" [_thread_blocked, id=32440, stack(0x0000009739300000,0x0000009739400000)]
  0x0000021ce0d6cd60 JavaThread "Unconstrained build operations Thread 7" [_thread_blocked, id=48888, stack(0x0000009739400000,0x0000009739500000)]
  0x0000021ce0d6af00 JavaThread "Unconstrained build operations Thread 8" [_thread_blocked, id=45192, stack(0x0000009739500000,0x0000009739600000)]
  0x0000021ce0d67c60 JavaThread "Unconstrained build operations Thread 9" [_thread_blocked, id=2260, stack(0x0000009739600000,0x0000009739700000)]
  0x0000021ce0d65e00 JavaThread "build event listener" [_thread_blocked, id=21060, stack(0x0000009738800000,0x0000009738900000)]
  0x0000021ce0d6a4e0 JavaThread "Memory manager" [_thread_blocked, id=31528, stack(0x0000009739700000,0x0000009739800000)]
  0x0000021ce0d68170 JavaThread "Cache worker for Build Output Cleanup Cache (C:\Users\Jorge Alberto Ubaque\OneDrive\Desktop\App-mascotas\Luis\android\.gradle\buildOutputCleanup)" [_thread_blocked, id=33184, stack(0x0000009739a00000,0x0000009739b00000)]
  0x0000021ce0d68680 JavaThread "ForkJoinPool.commonPool-worker-1" daemon [_thread_blocked, id=28548, stack(0x0000009739b00000,0x0000009739c00000)]
  0x0000021ce0d69ac0 JavaThread "ForkJoinPool.commonPool-worker-2" daemon [_thread_blocked, id=44628, stack(0x0000009739c00000,0x0000009739d00000)]
  0x0000021ce0d69fd0 JavaThread "ForkJoinPool.commonPool-worker-3" daemon [_thread_blocked, id=26344, stack(0x0000009739d00000,0x0000009739e00000)]
  0x0000021ce5277aa0 JavaThread "ForkJoinPool.commonPool-worker-4" daemon [_thread_blocked, id=26280, stack(0x0000009739e00000,0x0000009739f00000)]
  0x0000021ce527f420 JavaThread "ForkJoinPool.commonPool-worker-5" daemon [_thread_blocked, id=49728, stack(0x0000009739f00000,0x000000973a000000)]
  0x0000021ce527dad0 JavaThread "ForkJoinPool.commonPool-worker-6" daemon [_thread_blocked, id=12244, stack(0x000000973a000000,0x000000973a100000)]
  0x0000021ce527cba0 JavaThread "ForkJoinPool.commonPool-worker-7" daemon [_thread_blocked, id=49812, stack(0x000000973a100000,0x000000973a200000)]
  0x0000021ce52793f0 JavaThread "included builds" [_thread_blocked, id=45236, stack(0x000000973a200000,0x000000973a300000)]
  0x0000021ce527a320 JavaThread "Execution worker" [_thread_blocked, id=23164, stack(0x000000973a300000,0x000000973a400000)]
  0x0000021ce527d0b0 JavaThread "Execution worker Thread 2" [_thread_blocked, id=44448, stack(0x000000973a400000,0x000000973a500000)]
  0x0000021ce527bc70 JavaThread "Execution worker Thread 3" [_thread_blocked, id=47944, stack(0x000000973a500000,0x000000973a600000)]
  0x0000021ce527a830 JavaThread "Execution worker Thread 4" [_thread_blocked, id=44648, stack(0x000000973a600000,0x000000973a700000)]
  0x0000021ce527b760 JavaThread "Execution worker Thread 5" [_thread_blocked, id=19736, stack(0x000000973a700000,0x000000973a800000)]
  0x0000021ce527e4f0 JavaThread "Execution worker Thread 6" [_thread_blocked, id=47188, stack(0x000000973a800000,0x000000973a900000)]
  0x0000021ce527ef10 JavaThread "Execution worker Thread 7" [_thread_blocked, id=49268, stack(0x000000973a900000,0x000000973aa00000)]
  0x0000021ce527ea00 JavaThread "Cache worker for execution history cache (C:\Users\Jorge Alberto Ubaque\OneDrive\Desktop\App-mascotas\Luis\node_modules\@react-native\gradle-plugin\.gradle\8.6\executionHistory)" [_thread_blocked, id=47056, stack(0x000000973aa00000,0x000000973ab00000)]
  0x0000021ce527ad40 JavaThread "Unconstrained build operations Thread 10" [_thread_blocked, id=42928, stack(0x000000973ab00000,0x000000973ac00000)]
  0x0000021ce52784c0 JavaThread "Unconstrained build operations Thread 11" [_thread_blocked, id=40344, stack(0x000000973ac00000,0x000000973ad00000)]
  0x0000021ce5278ee0 JavaThread "Unconstrained build operations Thread 12" [_thread_blocked, id=49016, stack(0x000000973ad00000,0x000000973ae00000)]
  0x0000021ce527c180 JavaThread "Unconstrained build operations Thread 13" [_thread_blocked, id=44116, stack(0x000000973ae00000,0x000000973af00000)]
  0x0000021ce5279e10 JavaThread "Unconstrained build operations Thread 14" [_thread_blocked, id=48412, stack(0x000000973af00000,0x000000973b000000)]
  0x0000021ce527b250 JavaThread "Unconstrained build operations Thread 15" [_thread_blocked, id=47204, stack(0x000000973b000000,0x000000973b100000)]
  0x0000021ce5277fb0 JavaThread "Unconstrained build operations Thread 16" [_thread_blocked, id=48360, stack(0x000000973b100000,0x000000973b200000)]
  0x0000021ce52789d0 JavaThread "Unconstrained build operations Thread 17" [_thread_blocked, id=37932, stack(0x000000973b200000,0x000000973b300000)]
  0x0000021ce527c690 JavaThread "Unconstrained build operations Thread 18" [_thread_blocked, id=27496, stack(0x000000973b300000,0x000000973b400000)]
  0x0000021ce527d5c0 JavaThread "Unconstrained build operations Thread 19" [_thread_blocked, id=46516, stack(0x000000973b400000,0x000000973b500000)]
  0x0000021ce5279900 JavaThread "Unconstrained build operations Thread 20" [_thread_blocked, id=33096, stack(0x000000973b500000,0x000000973b600000)]
  0x0000021ce527dfe0 JavaThread "Unconstrained build operations Thread 21" [_thread_blocked, id=47448, stack(0x000000973b600000,0x000000973b700000)]
  0x0000021ce25048e0 JavaThread "Unconstrained build operations Thread 22" [_thread_blocked, id=42092, stack(0x000000973b700000,0x000000973b800000)]
  0x0000021ce2508ab0 JavaThread "Unconstrained build operations Thread 23" [_thread_blocked, id=49704, stack(0x000000973b800000,0x000000973b900000)]
  0x0000021ce2502060 JavaThread "Unconstrained build operations Thread 24" [_thread_blocked, id=28044, stack(0x000000973b900000,0x000000973ba00000)]
  0x0000021ce2507b80 JavaThread "Unconstrained build operations Thread 25" [_thread_blocked, id=20028, stack(0x000000973ba00000,0x000000973bb00000)]
  0x0000021ce25034a0 JavaThread "Unconstrained build operations Thread 26" [_thread_blocked, id=49092, stack(0x000000973bb00000,0x000000973bc00000)]
  0x0000021ce2503ec0 JavaThread "Unconstrained build operations Thread 27" [_thread_blocked, id=15988, stack(0x000000973bc00000,0x000000973bd00000)]
  0x0000021ce2505810 JavaThread "Unconstrained build operations Thread 28" [_thread_blocked, id=48544, stack(0x000000973bd00000,0x000000973be00000)]
  0x0000021ce2506c50 JavaThread "Unconstrained build operations Thread 29" [_thread_blocked, id=19028, stack(0x000000973be00000,0x000000973bf00000)]
  0x0000021ce25085a0 JavaThread "Unconstrained build operations Thread 30" [_thread_blocked, id=33352, stack(0x000000973bf00000,0x000000973c000000)]
  0x0000021ce2507160 JavaThread "Unconstrained build operations Thread 31" [_thread_blocked, id=47628, stack(0x000000973c000000,0x000000973c100000)]
  0x0000021ce2504df0 JavaThread "Unconstrained build operations Thread 32" [_thread_blocked, id=34864, stack(0x000000973c100000,0x000000973c200000)]
  0x0000021ce2506740 JavaThread "build event listener" [_thread_blocked, id=46480, stack(0x000000973c200000,0x000000973c300000)]
  0x0000021ce25094d0 JavaThread "Unconstrained build operations Thread 33" [_thread_blocked, id=45644, stack(0x000000973c300000,0x000000973c400000)]
  0x0000021ce25099e0 JavaThread "Unconstrained build operations Thread 34" [_thread_blocked, id=44688, stack(0x000000973c400000,0x000000973c500000)]
  0x0000021ce25039b0 JavaThread "Unconstrained build operations Thread 35" [_thread_blocked, id=29132, stack(0x000000973c500000,0x000000973c600000)]
  0x0000021ce2502570 JavaThread "Unconstrained build operations Thread 36" [_thread_blocked, id=47376, stack(0x000000973c600000,0x000000973c700000)]
  0x0000021ce2502a80 JavaThread "Unconstrained build operations Thread 37" [_thread_blocked, id=45636, stack(0x000000973c700000,0x000000973c800000)]
  0x0000021ce0c83830 JavaThread "Unconstrained build operations Thread 38" [_thread_blocked, id=49228, stack(0x000000973c800000,0x000000973c900000)]
  0x0000021ce5f714a0 JavaThread "Unconstrained build operations Thread 39" [_thread_blocked, id=29128, stack(0x000000973c900000,0x000000973ca00000)]
  0x0000021ce5f76090 JavaThread "Unconstrained build operations Thread 40" [_thread_blocked, id=34640, stack(0x000000973ca00000,0x000000973cb00000)]
  0x0000021ce5f71ec0 JavaThread "Unconstrained build operations Thread 41" [_thread_blocked, id=36000, stack(0x000000973cb00000,0x000000973cc00000)]
  0x0000021ce5f73d20 JavaThread "Unconstrained build operations Thread 42" [_thread_blocked, id=23256, stack(0x000000973cc00000,0x000000973cd00000)]
  0x0000021ce5f73810 JavaThread "Unconstrained build operations Thread 43" [_thread_blocked, id=6088, stack(0x000000973cd00000,0x000000973ce00000)]
  0x0000021ce5f75160 JavaThread "Unconstrained build operations Thread 44" [_thread_blocked, id=3496, stack(0x000000973ce00000,0x000000973cf00000)]
  0x0000021ce5f72df0 JavaThread "Unconstrained build operations Thread 45" [_thread_blocked, id=39324, stack(0x000000973cf00000,0x000000973d000000)]
  0x0000021ce5f76ab0 JavaThread "Unconstrained build operations Thread 46" [_thread_blocked, id=46336, stack(0x000000973d000000,0x000000973d100000)]
  0x0000021ce5f70570 JavaThread "Unconstrained build operations Thread 47" [_thread_blocked, id=47712, stack(0x000000973d100000,0x000000973d200000)]
  0x0000021ce5f76fc0 JavaThread "Unconstrained build operations Thread 48" [_thread_blocked, id=3720, stack(0x000000973d200000,0x000000973d300000)]
  0x0000021ce5f765a0 JavaThread "Unconstrained build operations Thread 49" [_thread_blocked, id=49400, stack(0x000000973d300000,0x000000973d400000)]
  0x0000021ce5f774d0 JavaThread "Unconstrained build operations Thread 50" [_thread_blocked, id=47392, stack(0x000000973d400000,0x000000973d500000)]
  0x0000021ce5f74740 JavaThread "Unconstrained build operations Thread 51" [_thread_blocked, id=16568, stack(0x000000973d500000,0x000000973d600000)]

Other Threads:
  0x0000021cc0d240b0 VMThread "VM Thread" [stack: 0x0000009735800000,0x0000009735900000] [id=48772]
  0x0000021ca2336b40 WatcherThread [stack: 0x0000009736400000,0x0000009736500000] [id=8640]
  0x0000021ca2393f00 GCTaskThread "GC Thread#0" [stack: 0x0000009735300000,0x0000009735400000] [id=1740]
  0x0000021ce0c33c10 GCTaskThread "GC Thread#1" [stack: 0x0000009736500000,0x0000009736600000] [id=42576]
  0x0000021ce0975a50 GCTaskThread "GC Thread#2" [stack: 0x0000009736600000,0x0000009736700000] [id=38712]
  0x0000021ce096e650 GCTaskThread "GC Thread#3" [stack: 0x0000009736700000,0x0000009736800000] [id=46364]
  0x0000021ce081d670 GCTaskThread "GC Thread#4" [stack: 0x0000009736800000,0x0000009736900000] [id=33716]
  0x0000021ce1195290 GCTaskThread "GC Thread#5" [stack: 0x0000009737300000,0x0000009737400000] [id=47020]
  0x0000021ce1195550 GCTaskThread "GC Thread#6" [stack: 0x0000009737400000,0x0000009737500000] [id=47840]
  0x0000021ce0dc8610 GCTaskThread "GC Thread#7" [stack: 0x0000009737500000,0x0000009737600000] [id=42688]
  0x0000021ca23a4cf0 ConcurrentGCThread "G1 Main Marker" [stack: 0x0000009735400000,0x0000009735500000] [id=46568]
  0x0000021ca23a55a0 ConcurrentGCThread "G1 Conc#0" [stack: 0x0000009735500000,0x0000009735600000] [id=38136]
  0x0000021ce2053970 ConcurrentGCThread "G1 Conc#1" [stack: 0x0000009737b00000,0x0000009737c00000] [id=47848]
  0x0000021cc0be3040 ConcurrentGCThread "G1 Refine#0" [stack: 0x0000009735600000,0x0000009735700000] [id=30280]
  0x0000021cc0be3910 ConcurrentGCThread "G1 Service" [stack: 0x0000009735700000,0x0000009735800000] [id=33144]

Threads with active compile tasks:
C2 CompilerThread0    60553 12875 %     4       org.gradle.internal.instantiation.generator.AbstractClassGenerator::inspectType @ 77 (560 bytes)

VM state: not at safepoint (normal execution)

VM Mutex/Monitor currently owned by a thread: None

Heap address: 0x0000000080000000, size: 2048 MB, Compressed Oops mode: 32-bit

CDS archive(s) mapped at: [0x0000021cc1000000-0x0000021cc1bd0000-0x0000021cc1bd0000), size 12386304, SharedBaseAddress: 0x0000021cc1000000, ArchiveRelocationMode: 1.
Compressed class space mapped at: 0x0000021cc2000000-0x0000021cdc000000, reserved size: 436207616
Narrow klass base: 0x0000021cc1000000, Narrow klass shift: 0, Narrow klass range: 0x100000000

GC Precious Log:
 CPUs: 8 total, 8 available
 Memory: 7932M
 Large Page Support: Disabled
 NUMA Support: Disabled
 Compressed Oops: Enabled (32-bit)
 Heap Region Size: 1M
 Heap Min Capacity: 8M
 Heap Initial Capacity: 124M
 Heap Max Capacity: 2G
 Pre-touch: Disabled
 Parallel Workers: 8
 Concurrent Workers: 2
 Concurrent Refinement Workers: 8
 Periodic GC: Disabled

Heap:
 garbage-first heap   total 237568K, used 166709K [0x0000000080000000, 0x0000000100000000)
  region size 1024K, 28 young (28672K), 5 survivors (5120K)
 Metaspace       used 100983K, committed 102016K, reserved 557056K
  class space    used 14204K, committed 14720K, reserved 425984K

Heap Regions: E=young(eden), S=young(survivor), O=old, HS=humongous(starts), HC=humongous(continues), CS=collection set, F=free, OA=open archive, CA=closed archive, TAMS=top-at-mark-start (previous, next)
|   0|0x0000000080000000, 0x0000000080100000, 0x0000000080100000|100%|HS|  |TAMS 0x0000000080100000, 0x0000000080000000| Complete 
|   1|0x0000000080100000, 0x0000000080200000, 0x0000000080200000|100%|HC|  |TAMS 0x0000000080200000, 0x0000000080100000| Complete 
|   2|0x0000000080200000, 0x0000000080300000, 0x0000000080300000|100%|HC|  |TAMS 0x0000000080300000, 0x0000000080200000| Complete 
|   3|0x0000000080300000, 0x0000000080400000, 0x0000000080400000|100%|HC|  |TAMS 0x0000000080400000, 0x0000000080300000| Complete 
|   4|0x0000000080400000, 0x0000000080500000, 0x0000000080500000|100%| O|  |TAMS 0x0000000080500000, 0x0000000080400000| Untracked 
|   5|0x0000000080500000, 0x0000000080600000, 0x0000000080600000|100%| O|  |TAMS 0x0000000080600000, 0x0000000080500000| Untracked 
|   6|0x0000000080600000, 0x0000000080700000, 0x0000000080700000|100%| O|  |TAMS 0x0000000080700000, 0x0000000080600000| Untracked 
|   7|0x0000000080700000, 0x0000000080800000, 0x0000000080800000|100%| O|  |TAMS 0x0000000080800000, 0x0000000080700000| Untracked 
|   8|0x0000000080800000, 0x0000000080900000, 0x0000000080900000|100%| O|  |TAMS 0x0000000080900000, 0x0000000080800000| Untracked 
|   9|0x0000000080900000, 0x0000000080a00000, 0x0000000080a00000|100%| O|  |TAMS 0x0000000080a00000, 0x0000000080900000| Untracked 
|  10|0x0000000080a00000, 0x0000000080b00000, 0x0000000080b00000|100%| O|  |TAMS 0x0000000080b00000, 0x0000000080a00000| Untracked 
|  11|0x0000000080b00000, 0x0000000080c00000, 0x0000000080c00000|100%| O|  |TAMS 0x0000000080c00000, 0x0000000080b00000| Untracked 
|  12|0x0000000080c00000, 0x0000000080d00000, 0x0000000080d00000|100%| O|  |TAMS 0x0000000080d00000, 0x0000000080c00000| Untracked 
|  13|0x0000000080d00000, 0x0000000080e00000, 0x0000000080e00000|100%| O|  |TAMS 0x0000000080e00000, 0x0000000080d00000| Untracked 
|  14|0x0000000080e00000, 0x0000000080f00000, 0x0000000080f00000|100%| O|  |TAMS 0x0000000080f00000, 0x0000000080e00000| Untracked 
|  15|0x0000000080f00000, 0x0000000081000000, 0x0000000081000000|100%| O|  |TAMS 0x0000000081000000, 0x0000000080f00000| Untracked 
|  16|0x0000000081000000, 0x0000000081100000, 0x0000000081100000|100%| O|  |TAMS 0x0000000081100000, 0x0000000081000000| Untracked 
|  17|0x0000000081100000, 0x0000000081200000, 0x0000000081200000|100%| O|  |TAMS 0x0000000081200000, 0x0000000081100000| Untracked 
|  18|0x0000000081200000, 0x0000000081300000, 0x0000000081300000|100%| O|  |TAMS 0x0000000081300000, 0x0000000081200000| Untracked 
|  19|0x0000000081300000, 0x0000000081400000, 0x0000000081400000|100%| O|  |TAMS 0x0000000081400000, 0x0000000081300000| Untracked 
|  20|0x0000000081400000, 0x0000000081500000, 0x0000000081500000|100%| O|  |TAMS 0x0000000081500000, 0x0000000081400000| Untracked 
|  21|0x0000000081500000, 0x0000000081600000, 0x0000000081600000|100%| O|  |TAMS 0x0000000081600000, 0x0000000081500000| Untracked 
|  22|0x0000000081600000, 0x0000000081700000, 0x0000000081700000|100%| O|  |TAMS 0x0000000081700000, 0x0000000081600000| Untracked 
|  23|0x0000000081700000, 0x0000000081800000, 0x0000000081800000|100%| O|  |TAMS 0x0000000081800000, 0x0000000081700000| Untracked 
|  24|0x0000000081800000, 0x0000000081900000, 0x0000000081900000|100%| O|  |TAMS 0x0000000081900000, 0x0000000081800000| Untracked 
|  25|0x0000000081900000, 0x0000000081a00000, 0x0000000081a00000|100%| O|  |TAMS 0x0000000081a00000, 0x0000000081900000| Untracked 
|  26|0x0000000081a00000, 0x0000000081b00000, 0x0000000081b00000|100%| O|  |TAMS 0x0000000081b00000, 0x0000000081a00000| Untracked 
|  27|0x0000000081b00000, 0x0000000081c00000, 0x0000000081c00000|100%| O|  |TAMS 0x0000000081c00000, 0x0000000081b00000| Untracked 
|  28|0x0000000081c00000, 0x0000000081d00000, 0x0000000081d00000|100%| O|  |TAMS 0x0000000081d00000, 0x0000000081c00000| Untracked 
|  29|0x0000000081d00000, 0x0000000081e00000, 0x0000000081e00000|100%| O|  |TAMS 0x0000000081e00000, 0x0000000081d00000| Untracked 
|  30|0x0000000081e00000, 0x0000000081f00000, 0x0000000081f00000|100%| O|  |TAMS 0x0000000081f00000, 0x0000000081e00000| Untracked 
|  31|0x0000000081f00000, 0x0000000082000000, 0x0000000082000000|100%| O|  |TAMS 0x0000000082000000, 0x0000000081f00000| Untracked 
|  32|0x0000000082000000, 0x0000000082100000, 0x0000000082100000|100%| O|  |TAMS 0x0000000082100000, 0x0000000082000000| Untracked 
|  33|0x0000000082100000, 0x0000000082200000, 0x0000000082200000|100%| O|  |TAMS 0x0000000082200000, 0x0000000082100000| Untracked 
|  34|0x0000000082200000, 0x0000000082300000, 0x0000000082300000|100%| O|  |TAMS 0x0000000082300000, 0x0000000082200000| Untracked 
|  35|0x0000000082300000, 0x0000000082400000, 0x0000000082400000|100%| O|  |TAMS 0x0000000082400000, 0x0000000082300000| Untracked 
|  36|0x0000000082400000, 0x0000000082500000, 0x0000000082500000|100%| O|  |TAMS 0x0000000082500000, 0x0000000082400000| Untracked 
|  37|0x0000000082500000, 0x0000000082600000, 0x0000000082600000|100%| O|  |TAMS 0x0000000082600000, 0x0000000082500000| Untracked 
|  38|0x0000000082600000, 0x0000000082700000, 0x0000000082700000|100%| O|  |TAMS 0x0000000082700000, 0x0000000082600000| Untracked 
|  39|0x0000000082700000, 0x0000000082800000, 0x0000000082800000|100%| O|  |TAMS 0x0000000082800000, 0x0000000082700000| Untracked 
|  40|0x0000000082800000, 0x0000000082900000, 0x0000000082900000|100%| O|  |TAMS 0x0000000082900000, 0x0000000082800000| Untracked 
|  41|0x0000000082900000, 0x0000000082a00000, 0x0000000082a00000|100%|HS|  |TAMS 0x0000000082a00000, 0x0000000082900000| Complete 
|  42|0x0000000082a00000, 0x0000000082b00000, 0x0000000082b00000|100%|HC|  |TAMS 0x0000000082b00000, 0x0000000082a00000| Complete 
|  43|0x0000000082b00000, 0x0000000082c00000, 0x0000000082c00000|100%|HS|  |TAMS 0x0000000082c00000, 0x0000000082b00000| Complete 
|  44|0x0000000082c00000, 0x0000000082d00000, 0x0000000082d00000|100%|HC|  |TAMS 0x0000000082d00000, 0x0000000082c00000| Complete 
|  45|0x0000000082d00000, 0x0000000082e00000, 0x0000000082e00000|100%|HS|  |TAMS 0x0000000082e00000, 0x0000000082d00000| Complete 
|  46|0x0000000082e00000, 0x0000000082f00000, 0x0000000082f00000|100%|HC|  |TAMS 0x0000000082f00000, 0x0000000082e00000| Complete 
|  47|0x0000000082f00000, 0x0000000083000000, 0x0000000083000000|100%|HC|  |TAMS 0x0000000083000000, 0x0000000082f00000| Complete 
|  48|0x0000000083000000, 0x0000000083100000, 0x0000000083100000|100%|HC|  |TAMS 0x0000000083100000, 0x0000000083000000| Complete 
|  49|0x0000000083100000, 0x0000000083200000, 0x0000000083200000|100%|HS|  |TAMS 0x0000000083200000, 0x0000000083100000| Complete 
|  50|0x0000000083200000, 0x0000000083300000, 0x0000000083300000|100%|HC|  |TAMS 0x0000000083300000, 0x0000000083200000| Complete 
|  51|0x0000000083300000, 0x0000000083400000, 0x0000000083400000|100%|HC|  |TAMS 0x0000000083400000, 0x0000000083300000| Complete 
|  52|0x0000000083400000, 0x0000000083500000, 0x0000000083500000|100%|HC|  |TAMS 0x0000000083500000, 0x0000000083400000| Complete 
|  53|0x0000000083500000, 0x0000000083600000, 0x0000000083600000|100%| O|  |TAMS 0x0000000083600000, 0x0000000083500000| Untracked 
|  54|0x0000000083600000, 0x0000000083700000, 0x0000000083700000|100%| O|  |TAMS 0x0000000083700000, 0x0000000083600000| Untracked 
|  55|0x0000000083700000, 0x0000000083800000, 0x0000000083800000|100%| O|  |TAMS 0x0000000083800000, 0x0000000083700000| Untracked 
|  56|0x0000000083800000, 0x0000000083900000, 0x0000000083900000|100%| O|  |TAMS 0x0000000083900000, 0x0000000083800000| Untracked 
|  57|0x0000000083900000, 0x0000000083a00000, 0x0000000083a00000|100%| O|  |TAMS 0x0000000083a00000, 0x0000000083900000| Untracked 
|  58|0x0000000083a00000, 0x0000000083b00000, 0x0000000083b00000|100%| O|  |TAMS 0x0000000083b00000, 0x0000000083a00000| Untracked 
|  59|0x0000000083b00000, 0x0000000083c00000, 0x0000000083c00000|100%| O|  |TAMS 0x0000000083c00000, 0x0000000083b00000| Untracked 
|  60|0x0000000083c00000, 0x0000000083d00000, 0x0000000083d00000|100%| O|  |TAMS 0x0000000083d00000, 0x0000000083c00000| Untracked 
|  61|0x0000000083d00000, 0x0000000083e00000, 0x0000000083e00000|100%| O|  |TAMS 0x0000000083e00000, 0x0000000083d00000| Untracked 
|  62|0x0000000083e00000, 0x0000000083f00000, 0x0000000083f00000|100%| O|  |TAMS 0x0000000083f00000, 0x0000000083e00000| Untracked 
|  63|0x0000000083f00000, 0x0000000084000000, 0x0000000084000000|100%| O|  |TAMS 0x0000000084000000, 0x0000000083f00000| Untracked 
|  64|0x0000000084000000, 0x0000000084100000, 0x0000000084100000|100%| O|  |TAMS 0x0000000084100000, 0x0000000084000000| Untracked 
|  65|0x0000000084100000, 0x0000000084200000, 0x0000000084200000|100%| O|  |TAMS 0x0000000084200000, 0x0000000084100000| Untracked 
|  66|0x0000000084200000, 0x0000000084300000, 0x0000000084300000|100%| O|  |TAMS 0x0000000084300000, 0x0000000084200000| Untracked 
|  67|0x0000000084300000, 0x0000000084400000, 0x0000000084400000|100%| O|  |TAMS 0x0000000084400000, 0x0000000084300000| Untracked 
|  68|0x0000000084400000, 0x0000000084500000, 0x0000000084500000|100%|HS|  |TAMS 0x0000000084500000, 0x0000000084400000| Complete 
|  69|0x0000000084500000, 0x0000000084600000, 0x0000000084600000|100%|HS|  |TAMS 0x0000000084600000, 0x0000000084500000| Complete 
|  70|0x0000000084600000, 0x0000000084700000, 0x0000000084700000|100%|HS|  |TAMS 0x0000000084700000, 0x0000000084600000| Complete 
|  71|0x0000000084700000, 0x0000000084800000, 0x0000000084800000|100%| O|  |TAMS 0x0000000084800000, 0x0000000084700000| Untracked 
|  72|0x0000000084800000, 0x0000000084900000, 0x0000000084900000|100%| O|  |TAMS 0x0000000084900000, 0x0000000084800000| Untracked 
|  73|0x0000000084900000, 0x0000000084a00000, 0x0000000084a00000|100%| O|  |TAMS 0x0000000084a00000, 0x0000000084900000| Untracked 
|  74|0x0000000084a00000, 0x0000000084b00000, 0x0000000084b00000|100%|HS|  |TAMS 0x0000000084b00000, 0x0000000084a00000| Complete 
|  75|0x0000000084b00000, 0x0000000084c00000, 0x0000000084c00000|100%|HS|  |TAMS 0x0000000084c00000, 0x0000000084b00000| Complete 
|  76|0x0000000084c00000, 0x0000000084d00000, 0x0000000084d00000|100%| O|  |TAMS 0x0000000084d00000, 0x0000000084c00000| Untracked 
|  77|0x0000000084d00000, 0x0000000084e00000, 0x0000000084e00000|100%| O|  |TAMS 0x0000000084e00000, 0x0000000084d00000| Untracked 
|  78|0x0000000084e00000, 0x0000000084f00000, 0x0000000084f00000|100%| O|  |TAMS 0x0000000084f00000, 0x0000000084e00000| Untracked 
|  79|0x0000000084f00000, 0x0000000085000000, 0x0000000085000000|100%| O|  |TAMS 0x0000000085000000, 0x0000000084f00000| Untracked 
|  80|0x0000000085000000, 0x0000000085100000, 0x0000000085100000|100%| O|  |TAMS 0x0000000085100000, 0x0000000085000000| Untracked 
|  81|0x0000000085100000, 0x0000000085200000, 0x0000000085200000|100%| O|  |TAMS 0x0000000085200000, 0x0000000085100000| Untracked 
|  82|0x0000000085200000, 0x0000000085300000, 0x0000000085300000|100%| O|  |TAMS 0x0000000085300000, 0x0000000085200000| Untracked 
|  83|0x0000000085300000, 0x0000000085400000, 0x0000000085400000|100%| O|  |TAMS 0x0000000085400000, 0x0000000085300000| Untracked 
|  84|0x0000000085400000, 0x0000000085500000, 0x0000000085500000|100%| O|  |TAMS 0x0000000085500000, 0x0000000085400000| Untracked 
|  85|0x0000000085500000, 0x0000000085600000, 0x0000000085600000|100%| O|  |TAMS 0x0000000085600000, 0x0000000085500000| Untracked 
|  86|0x0000000085600000, 0x0000000085700000, 0x0000000085700000|100%| O|  |TAMS 0x0000000085700000, 0x0000000085600000| Untracked 
|  87|0x0000000085700000, 0x0000000085800000, 0x0000000085800000|100%| O|  |TAMS 0x0000000085800000, 0x0000000085700000| Untracked 
|  88|0x0000000085800000, 0x0000000085900000, 0x0000000085900000|100%| O|  |TAMS 0x0000000085900000, 0x0000000085800000| Untracked 
|  89|0x0000000085900000, 0x0000000085a00000, 0x0000000085a00000|100%| O|  |TAMS 0x0000000085a00000, 0x0000000085900000| Untracked 
|  90|0x0000000085a00000, 0x0000000085b00000, 0x0000000085b00000|100%| O|  |TAMS 0x0000000085b00000, 0x0000000085a00000| Untracked 
|  91|0x0000000085b00000, 0x0000000085c00000, 0x0000000085c00000|100%| O|  |TAMS 0x0000000085c00000, 0x0000000085b00000| Untracked 
|  92|0x0000000085c00000, 0x0000000085d00000, 0x0000000085d00000|100%| O|  |TAMS 0x0000000085d00000, 0x0000000085c00000| Untracked 
|  93|0x0000000085d00000, 0x0000000085e00000, 0x0000000085e00000|100%| O|  |TAMS 0x0000000085e00000, 0x0000000085d00000| Untracked 
|  94|0x0000000085e00000, 0x0000000085f00000, 0x0000000085f00000|100%| O|  |TAMS 0x0000000085f00000, 0x0000000085e00000| Untracked 
|  95|0x0000000085f00000, 0x0000000086000000, 0x0000000086000000|100%| O|  |TAMS 0x0000000086000000, 0x0000000085f00000| Untracked 
|  96|0x0000000086000000, 0x0000000086100000, 0x0000000086100000|100%| O|  |TAMS 0x0000000086100000, 0x0000000086000000| Untracked 
|  97|0x0000000086100000, 0x0000000086200000, 0x0000000086200000|100%| O|  |TAMS 0x0000000086200000, 0x0000000086100000| Untracked 
|  98|0x0000000086200000, 0x0000000086300000, 0x0000000086300000|100%| O|  |TAMS 0x0000000086300000, 0x0000000086200000| Untracked 
|  99|0x0000000086300000, 0x0000000086400000, 0x0000000086400000|100%| O|  |TAMS 0x0000000086400000, 0x0000000086300000| Untracked 
| 100|0x0000000086400000, 0x0000000086500000, 0x0000000086500000|100%| O|  |TAMS 0x0000000086500000, 0x0000000086400000| Untracked 
| 101|0x0000000086500000, 0x0000000086600000, 0x0000000086600000|100%| O|  |TAMS 0x0000000086600000, 0x0000000086500000| Untracked 
| 102|0x0000000086600000, 0x0000000086700000, 0x0000000086700000|100%| O|  |TAMS 0x0000000086700000, 0x0000000086600000| Untracked 
| 103|0x0000000086700000, 0x0000000086800000, 0x0000000086800000|100%| O|  |TAMS 0x0000000086800000, 0x0000000086700000| Untracked 
| 104|0x0000000086800000, 0x0000000086900000, 0x0000000086900000|100%|HS|  |TAMS 0x0000000086900000, 0x0000000086800000| Complete 
| 105|0x0000000086900000, 0x0000000086a00000, 0x0000000086a00000|100%|HS|  |TAMS 0x0000000086a00000, 0x0000000086900000| Complete 
| 106|0x0000000086a00000, 0x0000000086b00000, 0x0000000086b00000|100%|HS|  |TAMS 0x0000000086b00000, 0x0000000086a00000| Complete 
| 107|0x0000000086b00000, 0x0000000086c00000, 0x0000000086c00000|100%|HC|  |TAMS 0x0000000086c00000, 0x0000000086b00000| Complete 
| 108|0x0000000086c00000, 0x0000000086d00000, 0x0000000086d00000|100%| O|  |TAMS 0x0000000086d00000, 0x0000000086c00000| Untracked 
| 109|0x0000000086d00000, 0x0000000086e00000, 0x0000000086e00000|100%| O|  |TAMS 0x0000000086e00000, 0x0000000086d00000| Untracked 
| 110|0x0000000086e00000, 0x0000000086f00000, 0x0000000086f00000|100%| O|  |TAMS 0x0000000086f00000, 0x0000000086e00000| Untracked 
| 111|0x0000000086f00000, 0x0000000087000000, 0x0000000087000000|100%| O|  |TAMS 0x0000000087000000, 0x0000000086f00000| Untracked 
| 112|0x0000000087000000, 0x0000000087100000, 0x0000000087100000|100%| O|  |TAMS 0x0000000087100000, 0x0000000087000000| Untracked 
| 113|0x0000000087100000, 0x0000000087200000, 0x0000000087200000|100%| O|  |TAMS 0x0000000087200000, 0x0000000087100000| Untracked 
| 114|0x0000000087200000, 0x0000000087300000, 0x0000000087300000|100%| O|  |TAMS 0x0000000087300000, 0x0000000087200000| Untracked 
| 115|0x0000000087300000, 0x0000000087400000, 0x0000000087400000|100%| O|  |TAMS 0x0000000087400000, 0x0000000087300000| Untracked 
| 116|0x0000000087400000, 0x0000000087500000, 0x0000000087500000|100%| O|  |TAMS 0x0000000087500000, 0x0000000087400000| Untracked 
| 117|0x0000000087500000, 0x0000000087500000, 0x0000000087600000|  0%| F|  |TAMS 0x0000000087500000, 0x0000000087500000| Untracked 
| 118|0x0000000087600000, 0x0000000087700000, 0x0000000087700000|100%| O|  |TAMS 0x0000000087600000, 0x0000000087600000| Untracked 
| 119|0x0000000087700000, 0x0000000087800000, 0x0000000087800000|100%| O|  |TAMS 0x0000000087700000, 0x0000000087700000| Untracked 
| 120|0x0000000087800000, 0x0000000087900000, 0x0000000087900000|100%| O|  |TAMS 0x0000000087800000, 0x0000000087800000| Untracked 
| 121|0x0000000087900000, 0x0000000087a00000, 0x0000000087a00000|100%| O|  |TAMS 0x0000000087900000, 0x0000000087900000| Untracked 
| 122|0x0000000087a00000, 0x0000000087b00000, 0x0000000087b00000|100%| O|  |TAMS 0x0000000087a00000, 0x0000000087a00000| Untracked 
| 123|0x0000000087b00000, 0x0000000087c00000, 0x0000000087c00000|100%| O|  |TAMS 0x0000000087b00000, 0x0000000087b00000| Untracked 
| 124|0x0000000087c00000, 0x0000000087d00000, 0x0000000087d00000|100%| O|  |TAMS 0x0000000087c00000, 0x0000000087c00000| Untracked 
| 125|0x0000000087d00000, 0x0000000087e00000, 0x0000000087e00000|100%| O|  |TAMS 0x0000000087d00000, 0x0000000087d00000| Untracked 
| 126|0x0000000087e00000, 0x0000000087f00000, 0x0000000087f00000|100%|HS|  |TAMS 0x0000000087e00000, 0x0000000087e00000| Complete 
| 127|0x0000000087f00000, 0x0000000088000000, 0x0000000088000000|100%|HS|  |TAMS 0x0000000087f00000, 0x0000000087f00000| Complete 
| 128|0x0000000088000000, 0x0000000088100000, 0x0000000088100000|100%| O|  |TAMS 0x0000000088000000, 0x0000000088000000| Untracked 
| 129|0x0000000088100000, 0x0000000088200000, 0x0000000088200000|100%| O|  |TAMS 0x0000000088100000, 0x0000000088100000| Untracked 
| 130|0x0000000088200000, 0x0000000088300000, 0x0000000088300000|100%| O|  |TAMS 0x0000000088200000, 0x0000000088200000| Untracked 
| 131|0x0000000088300000, 0x0000000088400000, 0x0000000088400000|100%| O|  |TAMS 0x0000000088300000, 0x0000000088300000| Untracked 
| 132|0x0000000088400000, 0x0000000088500000, 0x0000000088500000|100%| O|  |TAMS 0x0000000088400000, 0x0000000088400000| Untracked 
| 133|0x0000000088500000, 0x0000000088600000, 0x0000000088600000|100%| O|  |TAMS 0x0000000088500000, 0x0000000088500000| Untracked 
| 134|0x0000000088600000, 0x0000000088700000, 0x0000000088700000|100%| O|  |TAMS 0x0000000088600000, 0x0000000088600000| Untracked 
| 135|0x0000000088700000, 0x0000000088800000, 0x0000000088800000|100%| O|  |TAMS 0x0000000088700000, 0x0000000088700000| Untracked 
| 136|0x0000000088800000, 0x00000000888f3a00, 0x0000000088900000| 95%| O|  |TAMS 0x0000000088800000, 0x0000000088800000| Untracked 
| 137|0x0000000088900000, 0x0000000088900000, 0x0000000088a00000|  0%| F|  |TAMS 0x0000000088900000, 0x0000000088900000| Untracked 
| 138|0x0000000088a00000, 0x0000000088a00000, 0x0000000088b00000|  0%| F|  |TAMS 0x0000000088a00000, 0x0000000088a00000| Untracked 
| 139|0x0000000088b00000, 0x0000000088b00000, 0x0000000088c00000|  0%| F|  |TAMS 0x0000000088b00000, 0x0000000088b00000| Untracked 
| 140|0x0000000088c00000, 0x0000000088c00000, 0x0000000088d00000|  0%| F|  |TAMS 0x0000000088c00000, 0x0000000088c00000| Untracked 
| 141|0x0000000088d00000, 0x0000000088d00000, 0x0000000088e00000|  0%| F|  |TAMS 0x0000000088d00000, 0x0000000088d00000| Untracked 
| 142|0x0000000088e00000, 0x0000000088e00000, 0x0000000088f00000|  0%| F|  |TAMS 0x0000000088e00000, 0x0000000088e00000| Untracked 
| 143|0x0000000088f00000, 0x0000000088f00000, 0x0000000089000000|  0%| F|  |TAMS 0x0000000088f00000, 0x0000000088f00000| Untracked 
| 144|0x0000000089000000, 0x0000000089000000, 0x0000000089100000|  0%| F|  |TAMS 0x0000000089000000, 0x0000000089000000| Untracked 
| 145|0x0000000089100000, 0x0000000089100000, 0x0000000089200000|  0%| F|  |TAMS 0x0000000089100000, 0x0000000089100000| Untracked 
| 146|0x0000000089200000, 0x0000000089200000, 0x0000000089300000|  0%| F|  |TAMS 0x0000000089200000, 0x0000000089200000| Untracked 
| 147|0x0000000089300000, 0x0000000089300000, 0x0000000089400000|  0%| F|  |TAMS 0x0000000089300000, 0x0000000089300000| Untracked 
| 148|0x0000000089400000, 0x0000000089400000, 0x0000000089500000|  0%| F|  |TAMS 0x0000000089400000, 0x0000000089400000| Untracked 
| 149|0x0000000089500000, 0x0000000089500000, 0x0000000089600000|  0%| F|  |TAMS 0x0000000089500000, 0x0000000089500000| Untracked 
| 150|0x0000000089600000, 0x0000000089600000, 0x0000000089700000|  0%| F|  |TAMS 0x0000000089600000, 0x0000000089600000| Untracked 
| 151|0x0000000089700000, 0x0000000089700000, 0x0000000089800000|  0%| F|  |TAMS 0x0000000089700000, 0x0000000089700000| Untracked 
| 152|0x0000000089800000, 0x0000000089800000, 0x0000000089900000|  0%| F|  |TAMS 0x0000000089800000, 0x0000000089800000| Untracked 
| 153|0x0000000089900000, 0x0000000089900000, 0x0000000089a00000|  0%| F|  |TAMS 0x0000000089900000, 0x0000000089900000| Untracked 
| 154|0x0000000089a00000, 0x0000000089a00000, 0x0000000089b00000|  0%| F|  |TAMS 0x0000000089a00000, 0x0000000089a00000| Untracked 
| 155|0x0000000089b00000, 0x0000000089b00000, 0x0000000089c00000|  0%| F|  |TAMS 0x0000000089b00000, 0x0000000089b00000| Untracked 
| 156|0x0000000089c00000, 0x0000000089c00000, 0x0000000089d00000|  0%| F|  |TAMS 0x0000000089c00000, 0x0000000089c00000| Untracked 
| 157|0x0000000089d00000, 0x0000000089d00000, 0x0000000089e00000|  0%| F|  |TAMS 0x0000000089d00000, 0x0000000089d00000| Untracked 
| 158|0x0000000089e00000, 0x0000000089e00000, 0x0000000089f00000|  0%| F|  |TAMS 0x0000000089e00000, 0x0000000089e00000| Untracked 
| 159|0x0000000089f00000, 0x0000000089f00000, 0x000000008a000000|  0%| F|  |TAMS 0x0000000089f00000, 0x0000000089f00000| Untracked 
| 160|0x000000008a000000, 0x000000008a000000, 0x000000008a100000|  0%| F|  |TAMS 0x000000008a000000, 0x000000008a000000| Untracked 
| 161|0x000000008a100000, 0x000000008a100000, 0x000000008a200000|  0%| F|  |TAMS 0x000000008a100000, 0x000000008a100000| Untracked 
| 162|0x000000008a200000, 0x000000008a200000, 0x000000008a300000|  0%| F|  |TAMS 0x000000008a200000, 0x000000008a200000| Untracked 
| 163|0x000000008a300000, 0x000000008a300000, 0x000000008a400000|  0%| F|  |TAMS 0x000000008a300000, 0x000000008a300000| Untracked 
| 164|0x000000008a400000, 0x000000008a400000, 0x000000008a500000|  0%| F|  |TAMS 0x000000008a400000, 0x000000008a400000| Untracked 
| 165|0x000000008a500000, 0x000000008a500000, 0x000000008a600000|  0%| F|  |TAMS 0x000000008a500000, 0x000000008a500000| Untracked 
| 166|0x000000008a600000, 0x000000008a600000, 0x000000008a700000|  0%| F|  |TAMS 0x000000008a600000, 0x000000008a600000| Untracked 
| 167|0x000000008a700000, 0x000000008a700000, 0x000000008a800000|  0%| F|  |TAMS 0x000000008a700000, 0x000000008a700000| Untracked 
| 168|0x000000008a800000, 0x000000008a800000, 0x000000008a900000|  0%| F|  |TAMS 0x000000008a800000, 0x000000008a800000| Untracked 
| 169|0x000000008a900000, 0x000000008a900000, 0x000000008aa00000|  0%| F|  |TAMS 0x000000008a900000, 0x000000008a900000| Untracked 
| 170|0x000000008aa00000, 0x000000008aa00000, 0x000000008ab00000|  0%| F|  |TAMS 0x000000008aa00000, 0x000000008aa00000| Untracked 
| 171|0x000000008ab00000, 0x000000008ab00000, 0x000000008ac00000|  0%| F|  |TAMS 0x000000008ab00000, 0x000000008ab00000| Untracked 
| 172|0x000000008ac00000, 0x000000008ac00000, 0x000000008ad00000|  0%| F|  |TAMS 0x000000008ac00000, 0x000000008ac00000| Untracked 
| 173|0x000000008ad00000, 0x000000008ad00000, 0x000000008ae00000|  0%| F|  |TAMS 0x000000008ad00000, 0x000000008ad00000| Untracked 
| 174|0x000000008ae00000, 0x000000008ae00000, 0x000000008af00000|  0%| F|  |TAMS 0x000000008ae00000, 0x000000008ae00000| Untracked 
| 175|0x000000008af00000, 0x000000008af00000, 0x000000008b000000|  0%| F|  |TAMS 0x000000008af00000, 0x000000008af00000| Untracked 
| 176|0x000000008b000000, 0x000000008b000000, 0x000000008b100000|  0%| F|  |TAMS 0x000000008b000000, 0x000000008b000000| Untracked 
| 177|0x000000008b100000, 0x000000008b1d9b60, 0x000000008b200000| 85%| S|CS|TAMS 0x000000008b100000, 0x000000008b100000| Complete 
| 178|0x000000008b200000, 0x000000008b300000, 0x000000008b300000|100%| S|CS|TAMS 0x000000008b200000, 0x000000008b200000| Complete 
| 179|0x000000008b300000, 0x000000008b400000, 0x000000008b400000|100%| S|CS|TAMS 0x000000008b300000, 0x000000008b300000| Complete 
| 180|0x000000008b400000, 0x000000008b500000, 0x000000008b500000|100%| S|CS|TAMS 0x000000008b400000, 0x000000008b400000| Complete 
| 181|0x000000008b500000, 0x000000008b600000, 0x000000008b600000|100%| S|CS|TAMS 0x000000008b500000, 0x000000008b500000| Complete 
| 182|0x000000008b600000, 0x000000008b600000, 0x000000008b700000|  0%| F|  |TAMS 0x000000008b600000, 0x000000008b600000| Untracked 
| 183|0x000000008b700000, 0x000000008b700000, 0x000000008b800000|  0%| F|  |TAMS 0x000000008b700000, 0x000000008b700000| Untracked 
| 184|0x000000008b800000, 0x000000008b800000, 0x000000008b900000|  0%| F|  |TAMS 0x000000008b800000, 0x000000008b800000| Untracked 
| 185|0x000000008b900000, 0x000000008b900000, 0x000000008ba00000|  0%| F|  |TAMS 0x000000008b900000, 0x000000008b900000| Untracked 
| 186|0x000000008ba00000, 0x000000008ba00000, 0x000000008bb00000|  0%| F|  |TAMS 0x000000008ba00000, 0x000000008ba00000| Untracked 
| 187|0x000000008bb00000, 0x000000008bb00000, 0x000000008bc00000|  0%| F|  |TAMS 0x000000008bb00000, 0x000000008bb00000| Untracked 
| 188|0x000000008bc00000, 0x000000008bc00000, 0x000000008bd00000|  0%| F|  |TAMS 0x000000008bc00000, 0x000000008bc00000| Untracked 
| 189|0x000000008bd00000, 0x000000008bd00000, 0x000000008be00000|  0%| F|  |TAMS 0x000000008bd00000, 0x000000008bd00000| Untracked 
| 190|0x000000008be00000, 0x000000008be00000, 0x000000008bf00000|  0%| F|  |TAMS 0x000000008be00000, 0x000000008be00000| Untracked 
| 191|0x000000008bf00000, 0x000000008bf00000, 0x000000008c000000|  0%| F|  |TAMS 0x000000008bf00000, 0x000000008bf00000| Untracked 
| 192|0x000000008c000000, 0x000000008c000000, 0x000000008c100000|  0%| F|  |TAMS 0x000000008c000000, 0x000000008c000000| Untracked 
| 193|0x000000008c100000, 0x000000008c100000, 0x000000008c200000|  0%| F|  |TAMS 0x000000008c100000, 0x000000008c100000| Untracked 
| 194|0x000000008c200000, 0x000000008c200000, 0x000000008c300000|  0%| F|  |TAMS 0x000000008c200000, 0x000000008c200000| Untracked 
| 195|0x000000008c300000, 0x000000008c300000, 0x000000008c400000|  0%| F|  |TAMS 0x000000008c300000, 0x000000008c300000| Untracked 
| 196|0x000000008c400000, 0x000000008c400000, 0x000000008c500000|  0%| F|  |TAMS 0x000000008c400000, 0x000000008c400000| Untracked 
| 197|0x000000008c500000, 0x000000008c500000, 0x000000008c600000|  0%| F|  |TAMS 0x000000008c500000, 0x000000008c500000| Untracked 
| 198|0x000000008c600000, 0x000000008c600000, 0x000000008c700000|  0%| F|  |TAMS 0x000000008c600000, 0x000000008c600000| Untracked 
| 199|0x000000008c700000, 0x000000008c700000, 0x000000008c800000|  0%| F|  |TAMS 0x000000008c700000, 0x000000008c700000| Untracked 
| 200|0x000000008c800000, 0x000000008c800000, 0x000000008c900000|  0%| F|  |TAMS 0x000000008c800000, 0x000000008c800000| Untracked 
| 201|0x000000008c900000, 0x000000008c900000, 0x000000008ca00000|  0%| F|  |TAMS 0x000000008c900000, 0x000000008c900000| Untracked 
| 202|0x000000008ca00000, 0x000000008ca00000, 0x000000008cb00000|  0%| F|  |TAMS 0x000000008ca00000, 0x000000008ca00000| Untracked 
| 203|0x000000008cb00000, 0x000000008cb00000, 0x000000008cc00000|  0%| F|  |TAMS 0x000000008cb00000, 0x000000008cb00000| Untracked 
| 204|0x000000008cc00000, 0x000000008cc00000, 0x000000008cd00000|  0%| F|  |TAMS 0x000000008cc00000, 0x000000008cc00000| Untracked 
| 205|0x000000008cd00000, 0x000000008cd00000, 0x000000008ce00000|  0%| F|  |TAMS 0x000000008cd00000, 0x000000008cd00000| Untracked 
| 206|0x000000008ce00000, 0x000000008ce00000, 0x000000008cf00000|  0%| F|  |TAMS 0x000000008ce00000, 0x000000008ce00000| Untracked 
| 207|0x000000008cf00000, 0x000000008cf826d0, 0x000000008d000000| 50%| E|  |TAMS 0x000000008cf00000, 0x000000008cf00000| Complete 
| 208|0x000000008d000000, 0x000000008d100000, 0x000000008d100000|100%| E|CS|TAMS 0x000000008d000000, 0x000000008d000000| Complete 
| 209|0x000000008d100000, 0x000000008d200000, 0x000000008d200000|100%| E|CS|TAMS 0x000000008d100000, 0x000000008d100000| Complete 
| 210|0x000000008d200000, 0x000000008d300000, 0x000000008d300000|100%| E|CS|TAMS 0x000000008d200000, 0x000000008d200000| Complete 
| 211|0x000000008d300000, 0x000000008d400000, 0x000000008d400000|100%| E|CS|TAMS 0x000000008d300000, 0x000000008d300000| Complete 
| 212|0x000000008d400000, 0x000000008d500000, 0x000000008d500000|100%| E|CS|TAMS 0x000000008d400000, 0x000000008d400000| Complete 
| 213|0x000000008d500000, 0x000000008d600000, 0x000000008d600000|100%| E|CS|TAMS 0x000000008d500000, 0x000000008d500000| Complete 
| 214|0x000000008d600000, 0x000000008d700000, 0x000000008d700000|100%| E|CS|TAMS 0x000000008d600000, 0x000000008d600000| Complete 
| 215|0x000000008d700000, 0x000000008d800000, 0x000000008d800000|100%| E|CS|TAMS 0x000000008d700000, 0x000000008d700000| Complete 
| 216|0x000000008d800000, 0x000000008d900000, 0x000000008d900000|100%| E|CS|TAMS 0x000000008d800000, 0x000000008d800000| Complete 
| 217|0x000000008d900000, 0x000000008da00000, 0x000000008da00000|100%| E|CS|TAMS 0x000000008d900000, 0x000000008d900000| Complete 
| 218|0x000000008da00000, 0x000000008db00000, 0x000000008db00000|100%| E|CS|TAMS 0x000000008da00000, 0x000000008da00000| Complete 
| 219|0x000000008db00000, 0x000000008dc00000, 0x000000008dc00000|100%| E|CS|TAMS 0x000000008db00000, 0x000000008db00000| Complete 
| 220|0x000000008dc00000, 0x000000008dd00000, 0x000000008dd00000|100%| E|CS|TAMS 0x000000008dc00000, 0x000000008dc00000| Complete 
| 221|0x000000008dd00000, 0x000000008de00000, 0x000000008de00000|100%| E|CS|TAMS 0x000000008dd00000, 0x000000008dd00000| Complete 
| 222|0x000000008de00000, 0x000000008df00000, 0x000000008df00000|100%| E|CS|TAMS 0x000000008de00000, 0x000000008de00000| Complete 
| 223|0x000000008df00000, 0x000000008e000000, 0x000000008e000000|100%| E|CS|TAMS 0x000000008df00000, 0x000000008df00000| Complete 
| 224|0x000000008e000000, 0x000000008e100000, 0x000000008e100000|100%| E|CS|TAMS 0x000000008e000000, 0x000000008e000000| Complete 
| 225|0x000000008e100000, 0x000000008e200000, 0x000000008e200000|100%| E|CS|TAMS 0x000000008e100000, 0x000000008e100000| Complete 
| 226|0x000000008e200000, 0x000000008e300000, 0x000000008e300000|100%| E|CS|TAMS 0x000000008e200000, 0x000000008e200000| Complete 
| 227|0x000000008e300000, 0x000000008e400000, 0x000000008e400000|100%| E|CS|TAMS 0x000000008e300000, 0x000000008e300000| Complete 
| 228|0x000000008e400000, 0x000000008e500000, 0x000000008e500000|100%| E|CS|TAMS 0x000000008e400000, 0x000000008e400000| Complete 
| 229|0x000000008e500000, 0x000000008e600000, 0x000000008e600000|100%| E|CS|TAMS 0x000000008e500000, 0x000000008e500000| Complete 
| 230|0x000000008e600000, 0x000000008e700000, 0x000000008e700000|100%| E|CS|TAMS 0x000000008e600000, 0x000000008e600000| Complete 
| 231|0x000000008e700000, 0x000000008e800000, 0x000000008e800000|100%| E|CS|TAMS 0x000000008e700000, 0x000000008e700000| Complete 

Card table byte_map: [0x0000021cb9a90000,0x0000021cb9e90000] _byte_map_base: 0x0000021cb9690000

Marking Bits (Prev, Next): (CMBitMap*) 0x0000021ca2394400, (CMBitMap*) 0x0000021ca23943c0
 Prev Bits: [0x0000021cbc290000, 0x0000021cbe290000)
 Next Bits: [0x0000021cba290000, 0x0000021cbc290000)

Polling page: 0x0000021ca23f0000

Metaspace:

Usage:
  Non-class:     84.80 MB used.
      Class:     13.88 MB used.
       Both:     98.68 MB used.

Virtual space:
  Non-class space:      128.00 MB reserved,      85.31 MB ( 67%) committed,  2 nodes.
      Class space:      416.00 MB reserved,      14.38 MB (  3%) committed,  1 nodes.
             Both:      544.00 MB reserved,      99.69 MB ( 18%) committed. 

Chunk freelists:
   Non-Class:  9.83 MB
       Class:  1.56 MB
        Both:  11.39 MB

MaxMetaspaceSize: 512.00 MB
CompressedClassSpaceSize: 416.00 MB
Initial GC threshold: 21.00 MB
Current GC threshold: 158.75 MB
CDS: on
MetaspaceReclaimPolicy: balanced
 - commit_granule_bytes: 65536.
 - commit_granule_words: 8192.
 - virtual_space_node_default_size: 8388608.
 - enlarge_chunks_in_place: 1.
 - new_chunks_are_fully_committed: 0.
 - uncommit_free_chunks: 1.
 - use_allocation_guard: 0.
 - handle_deallocations: 1.


Internal statistics:

num_allocs_failed_limit: 6.
num_arena_births: 1286.
num_arena_deaths: 0.
num_vsnodes_births: 3.
num_vsnodes_deaths: 0.
num_space_committed: 1595.
num_space_uncommitted: 0.
num_chunks_returned_to_freelist: 6.
num_chunks_taken_from_freelist: 5762.
num_chunk_merges: 6.
num_chunk_splits: 3706.
num_chunks_enlarged: 2379.
num_inconsistent_stats: 0.

CodeHeap 'non-profiled nmethods': size=120000Kb used=5799Kb max_used=5799Kb free=114200Kb
 bounds [0x0000021cb1700000, 0x0000021cb1cb0000, 0x0000021cb8c30000]
CodeHeap 'profiled nmethods': size=120000Kb used=22867Kb max_used=22867Kb free=97132Kb
 bounds [0x0000021ca9c30000, 0x0000021cab290000, 0x0000021cb1160000]
CodeHeap 'non-nmethods': size=5760Kb used=2428Kb max_used=2459Kb free=3331Kb
 bounds [0x0000021cb1160000, 0x0000021cb13e0000, 0x0000021cb1700000]
 total_blobs=12255 nmethods=11306 adapters=860
 compilation: enabled
              stopped_count=0, restarted_count=0
 full_count=0

Compilation events (20 events):
Event: 60.357 Thread 0x0000021cc0d54300 12934       2       org.gradle.api.internal.file.FileOrUriNotationConverter::parser (27 bytes)
Event: 60.358 Thread 0x0000021cc0d54300 nmethod 12934 0x0000021cab27e290 code [0x0000021cab27e460, 0x0000021cab27e6b8]
Event: 60.358 Thread 0x0000021cc0d54300 12935       2       org.gradle.api.internal.file.BaseDirFileResolver::<init> (44 bytes)
Event: 60.359 Thread 0x0000021cc0d54300 nmethod 12935 0x0000021cab27e810 code [0x0000021cab27e9e0, 0x0000021cab27ed38]
Event: 60.369 Thread 0x0000021cc0d54300 12936       2       org.gradle.internal.instantiation.generator.AsmBackedClassGenerator$ClassBuilderImpl::access$4600 (4 bytes)
Event: 60.370 Thread 0x0000021cc0d54300 nmethod 12936 0x0000021caa579710 code [0x0000021caa5798a0, 0x0000021caa579998]
Event: 60.379 Thread 0x0000021cc0d54300 12937       1       com.android.builder.internal.BaseConfigImpl::getBuildConfigFields (5 bytes)
Event: 60.379 Thread 0x0000021cc0d54300 nmethod 12937 0x0000021cb1ca9490 code [0x0000021cb1ca9620, 0x0000021cb1ca96f8]
Event: 60.380 Thread 0x0000021cc0d54300 12938       2       com.google.common.collect.ImmutableListMultimap::get (24 bytes)
Event: 60.381 Thread 0x0000021cc0d54300 nmethod 12938 0x0000021cab27ef10 code [0x0000021cab27f0c0, 0x0000021cab27f248]
Event: 60.381 Thread 0x0000021cc0d54300 12939       2       org.gradle.internal.instantiation.generator.AsmBackedClassGenerator$ClassBuilderImpl::addServiceSupport (21 bytes)
Event: 60.382 Thread 0x0000021cc0d54300 nmethod 12939 0x0000021cab27f310 code [0x0000021cab27f4c0, 0x0000021cab27f688]
Event: 60.382 Thread 0x0000021cc0d54300 12940       2       org.gradle.internal.instantiation.generator.AsmBackedClassGenerator$ClassBuilderImpl$$Lambda$592/0x0000021cc24d4408::emit (21 bytes)
Event: 60.383 Thread 0x0000021cc0d54300 nmethod 12940 0x0000021cab27f810 code [0x0000021cab27f9a0, 0x0000021cab27fae8]
Event: 60.383 Thread 0x0000021cc0d54300 12941       2       org.gradle.internal.instantiation.generator.AsmBackedClassGenerator$ClassBuilderImpl::lambda$applyReadOnlyManagedStateToGetter$22 (15 bytes)
Event: 60.383 Thread 0x0000021cc0d54300 nmethod 12941 0x0000021cab27fb90 code [0x0000021cab27fd20, 0x0000021cab27fec8]
Event: 60.383 Thread 0x0000021cc0d54300 12942       2       org.gradle.internal.instantiation.generator.AsmBackedClassGenerator$ClassBuilderImpl$23::<init> (275 bytes)
Event: 60.388 Thread 0x0000021cc0d54300 nmethod 12942 0x0000021cab27ff90 code [0x0000021cab280400, 0x0000021cab2814d8]
Event: 60.393 Thread 0x0000021cc0d54300 12943   !   2       sun.reflect.annotation.AnnotationParser::parseEnumValue (123 bytes)
Event: 60.395 Thread 0x0000021cc0d54300 nmethod 12943 0x0000021cab282210 code [0x0000021cab2824a0, 0x0000021cab282ae8]

GC Heap History (20 events):
Event: 53.590 GC heap before
{Heap before GC invocations=52 (full 0):
 garbage-first heap   total 177152K, used 100378K [0x0000000080000000, 0x0000000100000000)
  region size 1024K, 8 young (8192K), 6 survivors (6144K)
 Metaspace       used 85816K, committed 86720K, reserved 557056K
  class space    used 11966K, committed 12416K, reserved 425984K
}
Event: 53.596 GC heap after
{Heap after GC invocations=53 (full 0):
 garbage-first heap   total 177152K, used 98575K [0x0000000080000000, 0x0000000100000000)
  region size 1024K, 1 young (1024K), 1 survivors (1024K)
 Metaspace       used 85816K, committed 86720K, reserved 557056K
  class space    used 11966K, committed 12416K, reserved 425984K
}
Event: 54.278 GC heap before
{Heap before GC invocations=53 (full 0):
 garbage-first heap   total 177152K, used 142607K [0x0000000080000000, 0x0000000100000000)
  region size 1024K, 43 young (44032K), 1 survivors (1024K)
 Metaspace       used 88690K, committed 89536K, reserved 557056K
  class space    used 12514K, committed 12928K, reserved 425984K
}
Event: 54.282 GC heap after
{Heap after GC invocations=54 (full 0):
 garbage-first heap   total 177152K, used 98978K [0x0000000080000000, 0x0000000100000000)
  region size 1024K, 2 young (2048K), 2 survivors (2048K)
 Metaspace       used 88690K, committed 89536K, reserved 557056K
  class space    used 12514K, committed 12928K, reserved 425984K
}
Event: 54.949 GC heap before
{Heap before GC invocations=55 (full 0):
 garbage-first heap   total 181248K, used 143010K [0x0000000080000000, 0x0000000100000000)
  region size 1024K, 45 young (46080K), 2 survivors (2048K)
 Metaspace       used 91570K, committed 92416K, reserved 557056K
  class space    used 12929K, committed 13376K, reserved 425984K
}
Event: 54.953 GC heap after
{Heap after GC invocations=56 (full 0):
 garbage-first heap   total 181248K, used 100808K [0x0000000080000000, 0x0000000100000000)
  region size 1024K, 4 young (4096K), 4 survivors (4096K)
 Metaspace       used 91570K, committed 92416K, reserved 557056K
  class space    used 12929K, committed 13376K, reserved 425984K
}
Event: 55.651 GC heap before
{Heap before GC invocations=56 (full 0):
 garbage-first heap   total 181248K, used 147912K [0x0000000080000000, 0x0000000100000000)
  region size 1024K, 50 young (51200K), 4 survivors (4096K)
 Metaspace       used 93543K, committed 94464K, reserved 557056K
  class space    used 13244K, committed 13696K, reserved 425984K
}
Event: 55.660 GC heap after
{Heap after GC invocations=57 (full 0):
 garbage-first heap   total 181248K, used 106002K [0x0000000080000000, 0x0000000100000000)
  region size 1024K, 7 young (7168K), 7 survivors (7168K)
 Metaspace       used 93543K, committed 94464K, reserved 557056K
  class space    used 13244K, committed 13696K, reserved 425984K
}
Event: 56.601 GC heap before
{Heap before GC invocations=57 (full 0):
 garbage-first heap   total 181248K, used 147986K [0x0000000080000000, 0x0000000100000000)
  region size 1024K, 49 young (50176K), 7 survivors (7168K)
 Metaspace       used 94110K, committed 95040K, reserved 557056K
  class space    used 13274K, committed 13760K, reserved 425984K
}
Event: 56.613 GC heap after
{Heap after GC invocations=58 (full 0):
 garbage-first heap   total 181248K, used 112043K [0x0000000080000000, 0x0000000100000000)
  region size 1024K, 6 young (6144K), 6 survivors (6144K)
 Metaspace       used 94110K, committed 95040K, reserved 557056K
  class space    used 13274K, committed 13760K, reserved 425984K
}
Event: 57.497 GC heap before
{Heap before GC invocations=58 (full 0):
 garbage-first heap   total 181248K, used 153003K [0x0000000080000000, 0x0000000100000000)
  region size 1024K, 43 young (44032K), 6 survivors (6144K)
 Metaspace       used 95041K, committed 96064K, reserved 557056K
  class space    used 13404K, committed 13888K, reserved 425984K
}
Event: 57.509 GC heap after
{Heap after GC invocations=59 (full 0):
 garbage-first heap   total 181248K, used 126893K [0x0000000080000000, 0x0000000100000000)
  region size 1024K, 6 young (6144K), 6 survivors (6144K)
 Metaspace       used 95041K, committed 96064K, reserved 557056K
  class space    used 13404K, committed 13888K, reserved 425984K
}
Event: 58.085 GC heap before
{Heap before GC invocations=59 (full 0):
 garbage-first heap   total 181248K, used 151469K [0x0000000080000000, 0x0000000100000000)
  region size 1024K, 31 young (31744K), 6 survivors (6144K)
 Metaspace       used 96526K, committed 97536K, reserved 557056K
  class space    used 13546K, committed 14016K, reserved 425984K
}
Event: 58.093 GC heap after
{Heap after GC invocations=60 (full 0):
 garbage-first heap   total 181248K, used 132274K [0x0000000080000000, 0x0000000100000000)
  region size 1024K, 4 young (4096K), 4 survivors (4096K)
 Metaspace       used 96526K, committed 97536K, reserved 557056K
  class space    used 13546K, committed 14016K, reserved 425984K
}
Event: 58.642 GC heap before
{Heap before GC invocations=61 (full 0):
 garbage-first heap   total 237568K, used 151730K [0x0000000080000000, 0x0000000100000000)
  region size 1024K, 21 young (21504K), 4 survivors (4096K)
 Metaspace       used 96810K, committed 97792K, reserved 557056K
  class space    used 13609K, committed 14080K, reserved 425984K
}
Event: 58.651 GC heap after
{Heap after GC invocations=62 (full 0):
 garbage-first heap   total 237568K, used 139535K [0x0000000080000000, 0x0000000100000000)
  region size 1024K, 3 young (3072K), 3 survivors (3072K)
 Metaspace       used 96810K, committed 97792K, reserved 557056K
  class space    used 13609K, committed 14080K, reserved 425984K
}
Event: 58.827 GC heap before
{Heap before GC invocations=62 (full 0):
 garbage-first heap   total 237568K, used 147727K [0x0000000080000000, 0x0000000100000000)
  region size 1024K, 11 young (11264K), 3 survivors (3072K)
 Metaspace       used 97070K, committed 98048K, reserved 557056K
  class space    used 13648K, committed 14080K, reserved 425984K
}
Event: 58.832 GC heap after
{Heap after GC invocations=63 (full 0):
 garbage-first heap   total 237568K, used 140586K [0x0000000080000000, 0x0000000100000000)
  region size 1024K, 2 young (2048K), 2 survivors (2048K)
 Metaspace       used 97070K, committed 98048K, reserved 557056K
  class space    used 13648K, committed 14080K, reserved 425984K
}
Event: 60.074 GC heap before
{Heap before GC invocations=63 (full 0):
 garbage-first heap   total 237568K, used 189738K [0x0000000080000000, 0x0000000100000000)
  region size 1024K, 50 young (51200K), 2 survivors (2048K)
 Metaspace       used 99722K, committed 100800K, reserved 557056K
  class space    used 14025K, committed 14528K, reserved 425984K
}
Event: 60.087 GC heap after
{Heap after GC invocations=64 (full 0):
 garbage-first heap   total 237568K, used 144181K [0x0000000080000000, 0x0000000100000000)
  region size 1024K, 5 young (5120K), 5 survivors (5120K)
 Metaspace       used 99722K, committed 100800K, reserved 557056K
  class space    used 14025K, committed 14528K, reserved 425984K
}

Deoptimization events (20 events):
Event: 59.558 Thread 0x0000021cc0d71140 DEOPT PACKING pc=0x0000021cab1a3860 sp=0x0000009736ff8d20
Event: 59.558 Thread 0x0000021cc0d71140 DEOPT UNPACKING pc=0x0000021cb11b66e3 sp=0x0000009736ff8238 mode 0
Event: 59.577 Thread 0x0000021cc0d71140 DEOPT PACKING pc=0x0000021cab1ab0a4 sp=0x0000009736ff8df0
Event: 59.577 Thread 0x0000021cc0d71140 DEOPT UNPACKING pc=0x0000021cb11b66e3 sp=0x0000009736ff83c0 mode 0
Event: 59.592 Thread 0x0000021cc0d71140 DEOPT PACKING pc=0x0000021cab1a3860 sp=0x0000009736ff8d90
Event: 59.592 Thread 0x0000021cc0d71140 DEOPT UNPACKING pc=0x0000021cb11b66e3 sp=0x0000009736ff8298 mode 0
Event: 59.626 Thread 0x0000021cc0d71140 DEOPT PACKING pc=0x0000021cab1a3860 sp=0x0000009736ff8d90
Event: 59.626 Thread 0x0000021cc0d71140 DEOPT UNPACKING pc=0x0000021cb11b66e3 sp=0x0000009736ff8298 mode 0
Event: 59.658 Thread 0x0000021cc0d71140 DEOPT PACKING pc=0x0000021cab1a3860 sp=0x0000009736ff8f50
Event: 59.658 Thread 0x0000021cc0d71140 DEOPT UNPACKING pc=0x0000021cb11b66e3 sp=0x0000009736ff8458 mode 0
Event: 59.969 Thread 0x0000021cc0d71140 DEOPT PACKING pc=0x0000021caad4139e sp=0x0000009736ff5ff0
Event: 59.969 Thread 0x0000021cc0d71140 DEOPT UNPACKING pc=0x0000021cb11b66e3 sp=0x0000009736ff5590 mode 0
Event: 60.160 Thread 0x0000021cc0d71140 DEOPT PACKING pc=0x0000021cab1a3860 sp=0x0000009736ff5ea0
Event: 60.160 Thread 0x0000021cc0d71140 DEOPT UNPACKING pc=0x0000021cb11b66e3 sp=0x0000009736ff53a8 mode 0
Event: 60.233 Thread 0x0000021cc0d71140 DEOPT PACKING pc=0x0000021caad4139e sp=0x0000009736ff5ff0
Event: 60.233 Thread 0x0000021cc0d71140 DEOPT UNPACKING pc=0x0000021cb11b66e3 sp=0x0000009736ff5590 mode 0
Event: 60.311 Thread 0x0000021cc0d71140 DEOPT PACKING pc=0x0000021caad4139e sp=0x0000009736ff5ff0
Event: 60.311 Thread 0x0000021cc0d71140 DEOPT UNPACKING pc=0x0000021cb11b66e3 sp=0x0000009736ff5590 mode 0
Event: 60.390 Thread 0x0000021cc0d71140 DEOPT PACKING pc=0x0000021cab1a3860 sp=0x0000009736ff5ea0
Event: 60.391 Thread 0x0000021cc0d71140 DEOPT UNPACKING pc=0x0000021cb11b66e3 sp=0x0000009736ff53a8 mode 0

Classes unloaded (0 events):
No events

Classes redefined (0 events):
No events

Internal exceptions (20 events):
Event: 58.970 Thread 0x0000021cc0d71140 Exception <a 'java/lang/ClassNotFoundException'{0x000000008e1c52e8}: org/gradle/api/tasks/DeleteBeanInfo> (0x000000008e1c52e8) 
thrown [s\open\src\hotspot\share\classfile\systemDictionary.cpp, line 256]
Event: 58.974 Thread 0x0000021cc0d71140 Exception <a 'java/lang/ClassNotFoundException'{0x000000008e1db0c0}: org/gradle/api/tasks/DeleteCustomizer> (0x000000008e1db0c0) 
thrown [s\open\src\hotspot\share\classfile\systemDictionary.cpp, line 256]
Event: 58.976 Thread 0x0000021cc0d71140 Exception <a 'java/lang/ClassNotFoundException'{0x000000008e0058d8}: org/gradle/api/tasks/Delete_DecoratedCustomizer> (0x000000008e0058d8) 
thrown [s\open\src\hotspot\share\classfile\systemDictionary.cpp, line 256]
Event: 59.027 Thread 0x0000021cc0d71140 Exception <a 'java/lang/ClassNotFoundException'{0x000000008dd0dc20}: org/gradle/configuration/internal/DefaultListenerBuildOperationDecorator$BuildOperationEmittingClosureBeanInfo> (0x000000008dd0dc20) 
thrown [s\open\src\hotspot\share\classfile\systemDictionary.cpp, line 256]
Event: 59.029 Thread 0x0000021cc0d71140 Exception <a 'java/lang/ClassNotFoundException'{0x000000008dd23268}: org/gradle/configuration/internal/DefaultListenerBuildOperationDecorator$BuildOperationEmittingClosureCustomizer> (0x000000008dd23268) 
thrown [s\open\src\hotspot\share\classfile\systemDictionary.cpp, line 256]
Event: 59.068 Thread 0x0000021cc0d71140 Exception <a 'java/lang/ClassNotFoundException'{0x000000008dc908e8}: org/gradle/api/tasks/compile/JavaCompile_DecoratedBeanInfo> (0x000000008dc908e8) 
thrown [s\open\src\hotspot\share\classfile\systemDictionary.cpp, line 256]
Event: 59.069 Thread 0x0000021cc0d71140 Exception <a 'java/lang/ClassNotFoundException'{0x000000008dca1448}: org/gradle/api/tasks/compile/JavaCompileBeanInfo> (0x000000008dca1448) 
thrown [s\open\src\hotspot\share\classfile\systemDictionary.cpp, line 256]
Event: 59.070 Thread 0x0000021cc0d71140 Exception <a 'java/lang/ClassNotFoundException'{0x000000008dcb2020}: org/gradle/api/tasks/compile/AbstractCompileBeanInfo> (0x000000008dcb2020) 
thrown [s\open\src\hotspot\share\classfile\systemDictionary.cpp, line 256]
Event: 59.072 Thread 0x0000021cc0d71140 Exception <a 'java/lang/ClassNotFoundException'{0x000000008dcbfd38}: org/gradle/api/tasks/SourceTaskBeanInfo> (0x000000008dcbfd38) 
thrown [s\open\src\hotspot\share\classfile\systemDictionary.cpp, line 256]
Event: 59.073 Thread 0x0000021cc0d71140 Exception <a 'java/lang/ClassNotFoundException'{0x000000008dccda70}: org/gradle/api/tasks/SourceTaskCustomizer> (0x000000008dccda70) 
thrown [s\open\src\hotspot\share\classfile\systemDictionary.cpp, line 256]
Event: 59.076 Thread 0x0000021cc0d71140 Exception <a 'java/lang/ClassNotFoundException'{0x000000008db02988}: org/gradle/api/tasks/compile/AbstractCompileCustomizer> (0x000000008db02988) 
thrown [s\open\src\hotspot\share\classfile\systemDictionary.cpp, line 256]
Event: 59.079 Thread 0x0000021cc0d71140 Exception <a 'java/lang/ClassNotFoundException'{0x000000008db2bc58}: org/gradle/api/tasks/compile/JavaCompileCustomizer> (0x000000008db2bc58) 
thrown [s\open\src\hotspot\share\classfile\systemDictionary.cpp, line 256]
Event: 59.081 Thread 0x0000021cc0d71140 Exception <a 'java/lang/ClassNotFoundException'{0x000000008db55980}: org/gradle/api/tasks/compile/JavaCompile_DecoratedCustomizer> (0x000000008db55980) 
thrown [s\open\src\hotspot\share\classfile\systemDictionary.cpp, line 256]
Event: 59.246 Thread 0x0000021cc0d71140 Exception <a 'sun/nio/fs/WindowsException'{0x000000008d621958}> (0x000000008d621958) 
thrown [s\open\src\hotspot\share\prims\jni.cpp, line 516]
Event: 59.292 Thread 0x0000021cc0d71140 Exception <a 'java/lang/NoSuchMethodError'{0x000000008d5b58a8}: 'int java.lang.invoke.DirectMethodHandle$Holder.invokeStatic(java.lang.Object, java.lang.Object, int)'> (0x000000008d5b58a8) 
thrown [s\open\src\hotspot\share\interpreter\linkResolver.cpp, line 759]
Event: 59.293 Thread 0x0000021cc0d71140 Exception <a 'java/lang/NoSuchMethodError'{0x000000008d5ba6a0}: 'int java.lang.invoke.DirectMethodHandle$Holder.invokeSpecial(java.lang.Object, java.lang.Object, java.lang.Object, int)'> (0x000000008d5ba6a0) 
thrown [s\open\src\hotspot\share\interpreter\linkResolver.cpp, line 759]
Event: 59.746 Thread 0x0000021cc0d71140 Exception <a 'java/lang/NoSuchMethodError'{0x000000008c439138}: static Lcom/android/build/gradle/internal/cxx/prefab/PrefabPackagePublication;.<clinit>()V> (0x000000008c439138) 
thrown [s\open\src\hotspot\share\prims\jni.cpp, line 1107]
Event: 59.751 Thread 0x0000021cc0d71140 Exception <a 'java/lang/NoSuchMethodError'{0x000000008c462918}: static Lcom/android/build/gradle/internal/cxx/prefab/PrefabModulePublication;.<clinit>()V> (0x000000008c462918) 
thrown [s\open\src\hotspot\share\prims\jni.cpp, line 1107]
Event: 59.754 Thread 0x0000021cc0d71140 Exception <a 'java/lang/NoSuchMethodError'{0x000000008c47bda0}: static Lcom/android/build/gradle/internal/cxx/prefab/PrefabAbiPublication;.<clinit>()V> (0x000000008c47bda0) 
thrown [s\open\src\hotspot\share\prims\jni.cpp, line 1107]
Event: 59.779 Thread 0x0000021cc0d71140 Exception <a 'java/lang/NoSuchMethodError'{0x000000008c345280}: 'java.lang.Object java.lang.invoke.Invokers$Holder.invokeExact_MT(java.lang.Object, java.lang.Object, java.lang.Object, int, java.lang.Object, java.lang.Object)'> (0x000000008c345280) 
thrown [s\open\src\hotspot\share\interpreter\linkResolver.cpp, line 759]

VM Operations (20 events):
Event: 58.374 Executing VM operation: G1Concurrent
Event: 58.375 Executing VM operation: G1Concurrent done
Event: 58.608 Executing VM operation: HandshakeAllThreads
Event: 58.609 Executing VM operation: HandshakeAllThreads done
Event: 58.642 Executing VM operation: G1CollectForAllocation
Event: 58.651 Executing VM operation: G1CollectForAllocation done
Event: 58.826 Executing VM operation: G1CollectForAllocation
Event: 58.833 Executing VM operation: G1CollectForAllocation done
Event: 59.319 Executing VM operation: HandshakeAllThreads
Event: 59.319 Executing VM operation: HandshakeAllThreads done
Event: 59.803 Executing VM operation: HandshakeAllThreads
Event: 59.804 Executing VM operation: HandshakeAllThreads done
Event: 59.922 Executing VM operation: ICBufferFull
Event: 59.923 Executing VM operation: ICBufferFull done
Event: 59.990 Executing VM operation: HandshakeAllThreads
Event: 59.990 Executing VM operation: HandshakeAllThreads done
Event: 60.074 Executing VM operation: G1CollectForAllocation
Event: 60.087 Executing VM operation: G1CollectForAllocation done
Event: 60.157 Executing VM operation: HandshakeAllThreads
Event: 60.157 Executing VM operation: HandshakeAllThreads done

Events (20 events):
Event: 58.938 loading class java/io/FilterReader
Event: 58.938 loading class java/io/FilterReader done
Event: 59.224 loading class java/net/Proxy
Event: 59.224 loading class java/net/Proxy done
Event: 59.224 loading class java/net/Proxy$Type
Event: 59.225 loading class java/net/Proxy$Type done
Event: 59.292 loading class sun/invoke/util/ValueConversions$1
Event: 59.292 loading class sun/invoke/util/ValueConversions$1 done
Event: 59.293 loading class java/lang/invoke/BoundMethodHandle$Species_LI
Event: 59.293 loading class java/lang/invoke/BoundMethodHandle$Species_LI done
Event: 59.383 loading class jdk/internal/reflect/UnsafeQualifiedIntegerFieldAccessorImpl
Event: 59.383 loading class jdk/internal/reflect/UnsafeQualifiedIntegerFieldAccessorImpl done
Event: 59.743 loading class java/io/SerialCallbackContext
Event: 59.743 loading class java/io/SerialCallbackContext done
Event: 59.857 loading class java/util/AbstractList$RandomAccessSubList
Event: 59.858 loading class java/util/AbstractList$SubList
Event: 59.858 loading class java/util/AbstractList$SubList done
Event: 59.858 loading class java/util/AbstractList$RandomAccessSubList done
Event: 59.858 loading class java/util/AbstractList$SubList$1
Event: 59.859 loading class java/util/AbstractList$SubList$1 done


Dynamic libraries:
0x00007ff7ee210000 - 0x00007ff7ee220000 	C:\Program Files\Java\jdk-17\bin\java.exe
0x00007ffe36e50000 - 0x00007ffe37048000 	C:\Windows\SYSTEM32\ntdll.dll
0x00007ffe35e50000 - 0x00007ffe35f0f000 	C:\Windows\System32\KERNEL32.DLL
0x00007ffe34740000 - 0x00007ffe34a12000 	C:\Windows\System32\KERNELBASE.dll
0x00007ffe34ab0000 - 0x00007ffe34bb0000 	C:\Windows\System32\ucrtbase.dll
0x00007ffe2da50000 - 0x00007ffe2da69000 	C:\Program Files\Java\jdk-17\bin\jli.dll
0x00007ffe356b0000 - 0x00007ffe3575e000 	C:\Windows\System32\ADVAPI32.dll
0x00007ffe35450000 - 0x00007ffe354ee000 	C:\Windows\System32\msvcrt.dll
0x00007ffe34ef0000 - 0x00007ffe34f8c000 	C:\Windows\System32\sechost.dll
0x00007ffe35320000 - 0x00007ffe35445000 	C:\Windows\System32\RPCRT4.dll
0x00007ffe24cf0000 - 0x00007ffe24d0b000 	C:\Program Files\Java\jdk-17\bin\VCRUNTIME140.dll
0x00007ffe36c00000 - 0x00007ffe36da1000 	C:\Windows\System32\USER32.dll
0x00007ffe34bb0000 - 0x00007ffe34bd2000 	C:\Windows\System32\win32u.dll
0x00007ffe36010000 - 0x00007ffe3603b000 	C:\Windows\System32\GDI32.dll
0x00007ffe34630000 - 0x00007ffe3473f000 	C:\Windows\System32\gdi32full.dll
0x00007ffe34be0000 - 0x00007ffe34c7d000 	C:\Windows\System32\msvcp_win.dll
0x00007ffe20ba0000 - 0x00007ffe20e3a000 	C:\Windows\WinSxS\amd64_microsoft.windows.common-controls_6595b64144ccf1df_6.0.19041.1110_none_60b5254171f9507e\COMCTL32.dll
0x00007ffe34080000 - 0x00007ffe3408a000 	C:\Windows\SYSTEM32\VERSION.dll
0x00007ffe36040000 - 0x00007ffe36072000 	C:\Windows\System32\IMM32.DLL
0x00000000504b0000 - 0x00000000504bc000 	C:\Program Files (x86)\360\Total Security\safemon\SafeWrapper.dll
0x00007ffe01dc0000 - 0x00007ffe01e52000 	C:\Program Files (x86)\360\Total Security\safemon\libzdtp64.dll
0x00007ffe364b0000 - 0x00007ffe36bf4000 	C:\Windows\System32\SHELL32.dll
0x00007ffe36db0000 - 0x00007ffe36e05000 	C:\Windows\System32\SHLWAPI.dll
0x00007ffe314c0000 - 0x00007ffe314cc000 	C:\Program Files\Java\jdk-17\bin\vcruntime140_1.dll
0x00007ffe07a30000 - 0x00007ffe07abe000 	C:\Program Files\Java\jdk-17\bin\msvcp140.dll
0x00007ffdb3c00000 - 0x00007ffdb47df000 	C:\Program Files\Java\jdk-17\bin\server\jvm.dll
0x00007ffe356a0000 - 0x00007ffe356a8000 	C:\Windows\System32\PSAPI.DLL
0x00007ffe1bf60000 - 0x00007ffe1bf87000 	C:\Windows\SYSTEM32\WINMM.dll
0x00007ffe0af80000 - 0x00007ffe0af89000 	C:\Windows\SYSTEM32\WSOCK32.dll
0x00007ffe35c40000 - 0x00007ffe35cab000 	C:\Windows\System32\WS2_32.dll
0x00007ffe32ce0000 - 0x00007ffe32cf2000 	C:\Windows\SYSTEM32\kernel.appcore.dll
0x00007ffe314a0000 - 0x00007ffe314aa000 	C:\Program Files\Java\jdk-17\bin\jimage.dll
0x00007ffe329f0000 - 0x00007ffe32bd4000 	C:\Windows\SYSTEM32\DBGHELP.DLL
0x00007ffe1be40000 - 0x00007ffe1be75000 	C:\Windows\SYSTEM32\dbgcore.DLL
0x00007ffe34a20000 - 0x00007ffe34aa2000 	C:\Windows\System32\bcryptPrimitives.dll
0x00007ffe24300000 - 0x00007ffe2430e000 	C:\Program Files\Java\jdk-17\bin\instrument.dll
0x00007ffe0ea20000 - 0x00007ffe0ea45000 	C:\Program Files\Java\jdk-17\bin\java.dll
0x00007ffdfcdd0000 - 0x00007ffdfcea7000 	C:\Program Files\Java\jdk-17\bin\jsvml.dll
0x00007ffe32180000 - 0x00007ffe32912000 	C:\Windows\SYSTEM32\windows.storage.dll
0x00007ffe36080000 - 0x00007ffe363d5000 	C:\Windows\System32\combase.dll
0x00007ffe33e50000 - 0x00007ffe33e80000 	C:\Windows\SYSTEM32\Wldp.dll
0x00007ffe35140000 - 0x00007ffe351ed000 	C:\Windows\System32\SHCORE.dll
0x00007ffe34480000 - 0x00007ffe3449f000 	C:\Windows\SYSTEM32\profapi.dll
0x00007ffe23ca0000 - 0x00007ffe23cb8000 	C:\Program Files\Java\jdk-17\bin\zip.dll
0x00007ffe23d90000 - 0x00007ffe23da9000 	C:\Program Files\Java\jdk-17\bin\net.dll
0x00007ffe29040000 - 0x00007ffe2914c000 	C:\Windows\SYSTEM32\WINHTTP.dll
0x00007ffe33b60000 - 0x00007ffe33bca000 	C:\Windows\system32\mswsock.dll
0x00007ffe23ce0000 - 0x00007ffe23cf6000 	C:\Program Files\Java\jdk-17\bin\nio.dll
0x00007ffe2dec0000 - 0x00007ffe2ded0000 	C:\Program Files\Java\jdk-17\bin\verify.dll
0x00007ffe0de20000 - 0x00007ffe0de47000 	C:\Users\Jorge Alberto Ubaque\.gradle\native\c067742578af261105cb4f569cf0c3c89f3d7b1fecec35dd04571415982c5e48\windows-amd64\native-platform.dll
0x00007ffdf8190000 - 0x00007ffdf82d4000 	C:\Users\Jorge Alberto Ubaque\.gradle\native\38dada09dfb8b06ba9b0570ebf7e218e3eb74d4ef43ca46872605cf95ebc2f47\windows-amd64\native-platform-file-events.dll
0x00007ffe24c40000 - 0x00007ffe24c4a000 	C:\Program Files\Java\jdk-17\bin\management.dll
0x00007ffe24a60000 - 0x00007ffe24a6b000 	C:\Program Files\Java\jdk-17\bin\management_ext.dll
0x00007ffe33d80000 - 0x00007ffe33d98000 	C:\Windows\SYSTEM32\CRYPTSP.dll
0x00007ffe33490000 - 0x00007ffe334c4000 	C:\Windows\system32\rsaenh.dll
0x00007ffe34590000 - 0x00007ffe345b7000 	C:\Windows\System32\bcrypt.dll
0x00007ffe34440000 - 0x00007ffe3446e000 	C:\Windows\SYSTEM32\USERENV.dll
0x00007ffe33da0000 - 0x00007ffe33dac000 	C:\Windows\SYSTEM32\CRYPTBASE.dll
0x00007ffe33870000 - 0x00007ffe338ab000 	C:\Windows\SYSTEM32\IPHLPAPI.DLL
0x00007ffe35760000 - 0x00007ffe35768000 	C:\Windows\System32\NSI.dll
0x00007ffe2bd90000 - 0x00007ffe2bda7000 	C:\Windows\SYSTEM32\dhcpcsvc6.DLL
0x00007ffe298e0000 - 0x00007ffe298fd000 	C:\Windows\SYSTEM32\dhcpcsvc.DLL
0x00007ffe338b0000 - 0x00007ffe3397a000 	C:\Windows\SYSTEM32\DNSAPI.dll
0x00007ffe23c00000 - 0x00007ffe23c0e000 	C:\Program Files\Java\jdk-17\bin\sunmscapi.dll
0x00007ffe34d30000 - 0x00007ffe34e86000 	C:\Windows\System32\CRYPT32.dll
0x00007ffe33f30000 - 0x00007ffe33f57000 	C:\Windows\SYSTEM32\ncrypt.dll
0x00007ffe33ef0000 - 0x00007ffe33f2b000 	C:\Windows\SYSTEM32\NTASN1.dll
0x00007ffe22780000 - 0x00007ffe22787000 	C:\Windows\system32\wshunix.dll
0x00007ffe18ec0000 - 0x00007ffe18ed7000 	C:\Windows\system32\napinsp.dll
0x00007ffe14660000 - 0x00007ffe1467b000 	C:\Windows\system32\pnrpnsp.dll
0x00007ffe2f2f0000 - 0x00007ffe2f305000 	C:\Windows\system32\wshbth.dll
0x00007ffe2f6f0000 - 0x00007ffe2f70d000 	C:\Windows\system32\NLAapi.dll
0x00007ffe144c0000 - 0x00007ffe144d2000 	C:\Windows\System32\winrnr.dll
0x00007ffe22590000 - 0x00007ffe2259a000 	C:\Windows\System32\rasadhlp.dll
0x00007ffe228f0000 - 0x00007ffe22970000 	C:\Windows\System32\fwpuclnt.dll

dbghelp: loaded successfully - version: 4.0.5 - missing functions: none
symbol engine: initialized successfully - sym options: 0x614 - pdb path: .;C:\Program Files\Java\jdk-17\bin;C:\Windows\SYSTEM32;C:\Windows\WinSxS\amd64_microsoft.windows.common-controls_6595b64144ccf1df_6.0.19041.1110_none_60b5254171f9507e;C:\Program Files (x86)\360\Total Security\safemon;C:\Program Files\Java\jdk-17\bin\server;C:\Users\Jorge Alberto Ubaque\.gradle\native\c067742578af261105cb4f569cf0c3c89f3d7b1fecec35dd04571415982c5e48\windows-amd64;C:\Users\Jorge Alberto Ubaque\.gradle\native\38dada09dfb8b06ba9b0570ebf7e218e3eb74d4ef43ca46872605cf95ebc2f47\windows-amd64

VM Arguments:
jvm_args: -XX:MaxMetaspaceSize=512m --add-opens=java.base/java.util=ALL-UNNAMED --add-opens=java.base/java.lang=ALL-UNNAMED --add-opens=java.base/java.lang.invoke=ALL-UNNAMED --add-opens=java.prefs/java.util.prefs=ALL-UNNAMED --add-opens=java.base/java.nio.charset=ALL-UNNAMED --add-opens=java.base/java.net=ALL-UNNAMED --add-opens=java.base/java.util.concurrent.atomic=ALL-UNNAMED -Xmx2048m -Dfile.encoding=windows-1252 -Duser.country=CO -Duser.language=es -Duser.variant -javaagent:C:\Users\Jorge Alberto Ubaque\.gradle\wrapper\dists\gradle-8.6-all\3mbtmo166bl6vumsh5k2lkq5h\gradle-8.6\lib\agents\gradle-instrumentation-agent-8.6.jar 
java_command: org.gradle.launcher.daemon.bootstrap.GradleDaemon 8.6
java_class_path (initial): C:\Users\Jorge Alberto Ubaque\.gradle\wrapper\dists\gradle-8.6-all\3mbtmo166bl6vumsh5k2lkq5h\gradle-8.6\lib\gradle-launcher-8.6.jar
Launcher Type: SUN_STANDARD

[Global flags]
     intx CICompilerCount                          = 4                                         {product} {ergonomic}
   size_t CompressedClassSpaceSize                 = 436207616                                 {product} {ergonomic}
     uint ConcGCThreads                            = 2                                         {product} {ergonomic}
     uint G1ConcRefinementThreads                  = 8                                         {product} {ergonomic}
   size_t G1HeapRegionSize                         = 1048576                                   {product} {ergonomic}
    uintx GCDrainStackTargetSize                   = 64                                        {product} {ergonomic}
   size_t InitialHeapSize                          = 130023424                                 {product} {ergonomic}
   size_t MarkStackSize                            = 4194304                                   {product} {ergonomic}
   size_t MaxHeapSize                              = 2147483648                                {product} {command line}
   size_t MaxMetaspaceSize                         = 536870912                                 {product} {command line}
   size_t MaxNewSize                               = 1287651328                                {product} {ergonomic}
   size_t MinHeapDeltaBytes                        = 1048576                                   {product} {ergonomic}
   size_t MinHeapSize                              = 8388608                                   {product} {ergonomic}
    uintx NonNMethodCodeHeapSize                   = 5839372                                {pd product} {ergonomic}
    uintx NonProfiledCodeHeapSize                  = 122909434                              {pd product} {ergonomic}
    uintx ProfiledCodeHeapSize                     = 122909434                              {pd product} {ergonomic}
    uintx ReservedCodeCacheSize                    = 251658240                              {pd product} {ergonomic}
     bool SegmentedCodeCache                       = true                                      {product} {ergonomic}
   size_t SoftMaxHeapSize                          = 2147483648                             {manageable} {ergonomic}
     bool UseCompressedClassPointers               = true                           {product lp64_product} {ergonomic}
     bool UseCompressedOops                        = true                           {product lp64_product} {ergonomic}
     bool UseG1GC                                  = true                                      {product} {ergonomic}
     bool UseLargePagesIndividualAllocation        = false                                  {pd product} {ergonomic}

Logging:
Log output configuration:
 #0: stdout all=warning uptime,level,tags
 #1: stderr all=off uptime,level,tags

Environment Variables:
JAVA_HOME=C:\Program Files\Java\jdk-17
CLASSPATH=C:\Users\Jorge Alberto Ubaque\OneDrive\Desktop\App-mascotas\Luis\android\\gradle\wrapper\gradle-wrapper.jar
PATH=C:\Users\Jorge Alberto Ubaque\OneDrive\Desktop\App-mascotas\Luis\node_modules\.bin;C:\Users\Jorge Alberto Ubaque\OneDrive\Desktop\App-mascotas\node_modules\.bin;C:\Users\Jorge Alberto Ubaque\OneDrive\Desktop\node_modules\.bin;C:\Users\Jorge Alberto Ubaque\OneDrive\node_modules\.bin;C:\Users\Jorge Alberto Ubaque\node_modules\.bin;C:\Users\node_modules\.bin;C:\node_modules\.bin;C:\Program Files\nodejs\node_modules\npm\node_modules\@npmcli\run-script\lib\node-gyp-bin;C:\Program Files\Common Files\Oracle\Java\javapath;C:\Windows\system32;C:\Windows;C:\Windows\System32\Wbem;C:\Windows\System32\WindowsPowerShell\v1.0\;C:\Windows\System32\OpenSSH\;C:\Program Files\Git\cmd;C:\xampp\php;C:\ProgramData\ComposerSetup\bin;;C:\Program Files\Docker\Docker\resources\bin;C:\Program Files\nodejs\;C:\Sdk;C:\Sdk\Sdk\Sdk\tools;C:\Users\Jorge Alberto Ubaque\AppData\Local\Programs\Microsoft VS Code\bin;C:\Users\Jorge Alberto Ubaque\AppData\Roaming\Composer\vendor\bin;C:\Program Files\MongoDB\Server\7.0\bin;C:\Users\Jorge Alberto Ubaque\AppData\Roaming\npm
USERNAME=Jorge Alberto Ubaque
LANG=en_US.UTF-8
OS=Windows_NT
PROCESSOR_IDENTIFIER=Intel64 Family 6 Model 126 Stepping 5, GenuineIntel



---------------  S Y S T E M  ---------------

OS:
 Windows 10 , 64 bit Build 19041 (10.0.19041.2364)
OS uptime: 12 days 15:25 hours
Hyper-V role detected

CPU: total 8 (initial active 8) (4 cores per cpu, 2 threads per core) family 6 model 126 stepping 5 microcode 0xa0, cx8, cmov, fxsr, ht, mmx, 3dnowpref, sse, sse2, sse3, ssse3, sse4.1, sse4.2, popcnt, lzcnt, tsc, tscinvbit, avx, avx2, aes, erms, clmul, bmi1, bmi2, adx, avx512f, avx512dq, avx512cd, avx512bw, avx512vl, sha, fma, vzeroupper, avx512_vpopcntdq, avx512_vpclmulqdq, avx512_vaes, avx512_vnni, clflush, clflushopt, avx512_vbmi2, avx512_vbmi, hv

Memory: 4k page, system-wide physical 7932M (187M free)
TotalPageFile size 19932M (AvailPageFile size 14M)
current process WorkingSet (physical memory assigned to process): 423M, peak: 424M
current process commit charge ("private bytes"): 559M, peak: 560M

vm_info: Java HotSpot(TM) 64-Bit Server VM (17.0.10+11-LTS-240) for windows-amd64 JRE (17.0.10+11-LTS-240), built on Dec 19 2023 21:47:25 by "mach5one" with MS VC++ 17.1 (VS2022)

END.
